Compilation and Execution Results
=================================

CPP_110.cpp: Compilation Failed
Error: In file included from ./CPP_110.cpp:3:
./CPP_110.cpp: In function ‘int main()’:
./CPP_110.cpp:5:13: error: ‘exchange’ was not declared in this scope
    5 |     assert (exchange({1, 2, 3, 4}, {1, 2, 3, 4}) == "YES");
      |             ^~~~~~~~


CPP_35.cpp: Compilation Failed
Error: ./CPP_35.cpp:1:24: error: stray ‘@’ in program
    1 | define dso_local float @_Z11max_elementSt6vectorIfSaIfEE(%"class.std::vector"* %0) #0 {
      |                        ^
./CPP_35.cpp:1:84: error: stray ‘#’ in program
    1 | define dso_local float @_Z11max_elementSt6vectorIfSaIfEE(%"class.std::vector"* %0) #0 {
      |                                                                                    ^
./CPP_35.cpp:11:17: error: stray ‘@’ in program
   11 |   %7 = call i64 @_ZNKSt6vectorIfSaIfEE4sizeEv(%"class.std::vector"* nonnull align 8 dereferenceable(24) %0) #1
      |                 ^
./CPP_35.cpp:11:109: error: stray ‘#’ in program
   11 |   %7 = call i64 @_ZNKSt6vectorIfSaIfEE4sizeEv(%"class.std::vector"* nonnull align 8 dereferenceable(24) %0) #1
      |                                                                                                             ^
./CPP_35.cpp:19:56: error: stray ‘@’ in program
   19 |   %13 = call nonnull align 4 dereferenceable(4) float* @_ZNSt6vectorIfSaIfEEixEm(%"class.std::vector"* nonnull align 8 dereferenceable(24) %0, i64 %12) #1
      |                                                        ^
./CPP_35.cpp:19:153: error: stray ‘#’ in program
   19 |   %13 = call nonnull align 4 dereferenceable(4) float* @_ZNSt6vectorIfSaIfEEixEm(%"class.std::vector"* nonnull align 8 dereferenceable(24) %0, i64 %12) #1
      |                                                                                                                                                         ^
./CPP_35.cpp:27:56: error: stray ‘@’ in program
   27 |   %19 = call nonnull align 4 dereferenceable(4) float* @_ZNSt6vectorIfSaIfEEixEm(%"class.std::vector"* nonnull align 8 dereferenceable(24) %0, i64 %18) #1
      |                                                        ^
./CPP_35.cpp:27:153: error: stray ‘#’ in program
   27 |   %19 = call nonnull align 4 dereferenceable(4) float* @_ZNSt6vectorIfSaIfEEixEm(%"class.std::vector"* nonnull align 8 dereferenceable(24) %0, i64 %18) #1
      |                                                                                                                                                         ^
./CPP_35.cpp:1:1: error: ‘define’ does not name a type
    1 | define dso_local float @_Z11max_elementSt6vectorIfSaIfEE(%"class.std::vector"* %0) #0 {
      | ^~~~~~
In file included from ./CPP_35.cpp:47:
./CPP_35.cpp: In function ‘int main()’:
./CPP_35.cpp:49:17: error: ‘max_element’ was not declared in this scope
   49 |     assert (abs(max_element({1, 2, 3})- 3)<1e-4);
      |                 ^~~~~~~~~~~
./CPP_35.cpp:49:13: error: ‘abs’ was not declared in this scope
   49 |     assert (abs(max_element({1, 2, 3})- 3)<1e-4);
      |             ^~~


CPP_138.cpp: Execution Failed
Error: CPP_138: ./CPP_138.cpp:18: int main(): Assertion `is_equal_to_sum_even(8) == true' failed.
Aborted (core dumped)


CPP_134.cpp: Compilation Failed
Error: In file included from ./CPP_134.cpp:21:
./CPP_134.cpp: In function ‘int main()’:
./CPP_134.cpp:23:44: error: cannot convert ‘const char*’ to ‘std::string*’ {aka ‘std::__cxx11::basic_string<char>*’}
   23 |     assert (check_if_last_char_is_a_letter("apple") == false);
      |                                            ^~~~~~~
      |                                            |
      |                                            const char*
./CPP_134.cpp:3:50: note:   initializing argument 1 of ‘bool check_if_last_char_is_a_letter(std::string*)’
    3 | bool check_if_last_char_is_a_letter(std::string* str) {
      |                                     ~~~~~~~~~~~~~^~~
In file included from ./CPP_134.cpp:21:
./CPP_134.cpp:24:44: error: cannot convert ‘const char*’ to ‘std::string*’ {aka ‘std::__cxx11::basic_string<char>*’}
   24 |     assert (check_if_last_char_is_a_letter("apple pi e") == true);
      |                                            ^~~~~~~~~~~~
      |                                            |
      |                                            const char*
./CPP_134.cpp:3:50: note:   initializing argument 1 of ‘bool check_if_last_char_is_a_letter(std::string*)’
    3 | bool check_if_last_char_is_a_letter(std::string* str) {
      |                                     ~~~~~~~~~~~~~^~~
In file included from ./CPP_134.cpp:21:
./CPP_134.cpp:25:44: error: cannot convert ‘const char*’ to ‘std::string*’ {aka ‘std::__cxx11::basic_string<char>*’}
   25 |     assert (check_if_last_char_is_a_letter("eeeee") == false);
      |                                            ^~~~~~~
      |                                            |
      |                                            const char*
./CPP_134.cpp:3:50: note:   initializing argument 1 of ‘bool check_if_last_char_is_a_letter(std::string*)’
    3 | bool check_if_last_char_is_a_letter(std::string* str) {
      |                                     ~~~~~~~~~~~~~^~~
In file included from ./CPP_134.cpp:21:
./CPP_134.cpp:26:44: error: cannot convert ‘const char*’ to ‘std::string*’ {aka ‘std::__cxx11::basic_string<char>*’}
   26 |     assert (check_if_last_char_is_a_letter("A") == true);
      |                                            ^~~
      |                                            |
      |                                            const char*
./CPP_134.cpp:3:50: note:   initializing argument 1 of ‘bool check_if_last_char_is_a_letter(std::string*)’
    3 | bool check_if_last_char_is_a_letter(std::string* str) {
      |                                     ~~~~~~~~~~~~~^~~
In file included from ./CPP_134.cpp:21:
./CPP_134.cpp:27:44: error: cannot convert ‘const char*’ to ‘std::string*’ {aka ‘std::__cxx11::basic_string<char>*’}
   27 |     assert (check_if_last_char_is_a_letter("Pumpkin pie ") == false);
      |                                            ^~~~~~~~~~~~~~
      |                                            |
      |                                            const char*
./CPP_134.cpp:3:50: note:   initializing argument 1 of ‘bool check_if_last_char_is_a_letter(std::string*)’
    3 | bool check_if_last_char_is_a_letter(std::string* str) {
      |                                     ~~~~~~~~~~~~~^~~
In file included from ./CPP_134.cpp:21:
./CPP_134.cpp:28:44: error: cannot convert ‘const char*’ to ‘std::string*’ {aka ‘std::__cxx11::basic_string<char>*’}
   28 |     assert (check_if_last_char_is_a_letter("Pumpkin pie 1") == false);
      |                                            ^~~~~~~~~~~~~~~
      |                                            |
      |                                            const char*
./CPP_134.cpp:3:50: note:   initializing argument 1 of ‘bool check_if_last_char_is_a_letter(std::string*)’
    3 | bool check_if_last_char_is_a_letter(std::string* str) {
      |                                     ~~~~~~~~~~~~~^~~
In file included from ./CPP_134.cpp:21:
./CPP_134.cpp:29:44: error: cannot convert ‘const char*’ to ‘std::string*’ {aka ‘std::__cxx11::basic_string<char>*’}
   29 |     assert (check_if_last_char_is_a_letter("") == false);
      |                                            ^~
      |                                            |
      |                                            const char*
./CPP_134.cpp:3:50: note:   initializing argument 1 of ‘bool check_if_last_char_is_a_letter(std::string*)’
    3 | bool check_if_last_char_is_a_letter(std::string* str) {
      |                                     ~~~~~~~~~~~~~^~~
In file included from ./CPP_134.cpp:21:
./CPP_134.cpp:30:44: error: cannot convert ‘const char*’ to ‘std::string*’ {aka ‘std::__cxx11::basic_string<char>*’}
   30 |     assert (check_if_last_char_is_a_letter("eeeee e ") == false);
      |                                            ^~~~~~~~~~
      |                                            |
      |                                            const char*
./CPP_134.cpp:3:50: note:   initializing argument 1 of ‘bool check_if_last_char_is_a_letter(std::string*)’
    3 | bool check_if_last_char_is_a_letter(std::string* str) {
      |                                     ~~~~~~~~~~~~~^~~
In file included from ./CPP_134.cpp:21:
./CPP_134.cpp:31:44: error: cannot convert ‘const char*’ to ‘std::string*’ {aka ‘std::__cxx11::basic_string<char>*’}
   31 |     assert (check_if_last_char_is_a_letter("apple pie") == false);
      |                                            ^~~~~~~~~~~
      |                                            |
      |                                            const char*
./CPP_134.cpp:3:50: note:   initializing argument 1 of ‘bool check_if_last_char_is_a_letter(std::string*)’
    3 | bool check_if_last_char_is_a_letter(std::string* str) {
      |                                     ~~~~~~~~~~~~~^~~
In file included from ./CPP_134.cpp:21:
./CPP_134.cpp:32:44: error: cannot convert ‘const char*’ to ‘std::string*’ {aka ‘std::__cxx11::basic_string<char>*’}
   32 |     assert (check_if_last_char_is_a_letter("apple pi e ") == false);
      |                                            ^~~~~~~~~~~~~
      |                                            |
      |                                            const char*
./CPP_134.cpp:3:50: note:   initializing argument 1 of ‘bool check_if_last_char_is_a_letter(std::string*)’
    3 | bool check_if_last_char_is_a_letter(std::string* str) {
      |                                     ~~~~~~~~~~~~~^~~


CPP_102.cpp: Execution Failed
Error: CPP_102: ./CPP_102.cpp:25: int main(): Assertion `choose_num(12, 15) == 14' failed.
Aborted (core dumped)


CPP_45.cpp: Compilation Failed
Error: ./CPP_45.cpp:20:5: error: redefinition of ‘int main()’
   20 | int main(){
      |     ^~~~
./CPP_45.cpp:10:5: note: ‘int main()’ previously defined here
   10 | int main() {
      |     ^~~~


CPP_63.cpp: Compilation Failed
Error: ./CPP_63.cpp:404:12: warning: integer constant is so large that it is unsigned
  404 |     return 12189453366759837000;
      |            ^~~~~~~~~~~~~~~~~~~~
./CPP_63.cpp:408:12: warning: integer constant is too large for its type
  408 |     return 19740274219868223000;
      |            ^~~~~~~~~~~~~~~~~~~~
./CPP_63.cpp:412:12: warning: integer constant is too large for its type
  412 |     return 31940434634990099000;
      |            ^~~~~~~~~~~~~~~~~~~~
./CPP_63.cpp:416:12: warning: integer constant is too large for its type
  416 |     return 51680708854858323000;
      |            ^~~~~~~~~~~~~~~~~~~~
./CPP_63.cpp:420:12: warning: integer constant is too large for its type
  420 |     return 83621143489848422000;
      |            ^~~~~~~~~~~~~~~~~~~~
./CPP_63.cpp:424:12: warning: integer constant is too large for its type
  424 |     return 135301852344706740000;
      |            ^~~~~~~~~~~~~~~~~~~~~
./CPP_63.cpp:428:12: warning: integer constant is too large for its type
  428 |     return 218922995834555160000;
      |            ^~~~~~~~~~~~~~~~~~~~~
./CPP_63.cpp:432:12: warning: integer constant is too large for its type
  432 |     return 35422484817926191508;
      |            ^~~~~~~~~~~~~~~~~~~~
./CPP_63.cpp: In function ‘int fib(int)’:
./CPP_63.cpp:17:7: error: declaration of ‘int n’ shadows a parameter
   17 |   int n = 0;
      |       ^
./CPP_63.cpp:224:12: warning: overflow in conversion from ‘long int’ to ‘int’ changes value from ‘4807526976’ to ‘512559680’ [-Woverflow]
  224 |     return 4807526976;
      |            ^~~~~~~~~~
./CPP_63.cpp:228:12: warning: overflow in conversion from ‘long int’ to ‘int’ changes value from ‘7778742049’ to ‘-811192543’ [-Woverflow]
  228 |     return 7778742049;
      |            ^~~~~~~~~~
./CPP_63.cpp:232:12: warning: overflow in conversion from ‘long int’ to ‘int’ changes value from ‘12586269025’ to ‘-298632863’ [-Woverflow]
  232 |     return 12586269025;
      |            ^~~~~~~~~~~
./CPP_63.cpp:236:12: warning: overflow in conversion from ‘long int’ to ‘int’ changes value from ‘20365011074’ to ‘-1109825406’ [-Woverflow]
  236 |     return 20365011074;
      |            ^~~~~~~~~~~
./CPP_63.cpp:240:12: warning: overflow in conversion from ‘long int’ to ‘int’ changes value from ‘32951280099’ to ‘-1408458269’ [-Woverflow]
  240 |     return 32951280099;
      |            ^~~~~~~~~~~
./CPP_63.cpp:244:12: warning: overflow in conversion from ‘long int’ to ‘int’ changes value from ‘53316291173’ to ‘1776683621’ [-Woverflow]
  244 |     return 53316291173;
      |            ^~~~~~~~~~~
./CPP_63.cpp:248:12: warning: overflow in conversion from ‘long int’ to ‘int’ changes value from ‘86267571272’ to ‘368225352’ [-Woverflow]
  248 |     return 86267571272;
      |            ^~~~~~~~~~~
./CPP_63.cpp:252:12: warning: overflow in conversion from ‘long int’ to ‘int’ changes value from ‘139583862445’ to ‘2144908973’ [-Woverflow]
  252 |     return 139583862445;
      |            ^~~~~~~~~~~~
./CPP_63.cpp:256:12: warning: overflow in conversion from ‘long int’ to ‘int’ changes value from ‘225851433717’ to ‘-1781832971’ [-Woverflow]
  256 |     return 225851433717;
      |            ^~~~~~~~~~~~
./CPP_63.cpp:260:12: warning: overflow in conversion from ‘long int’ to ‘int’ changes value from ‘365435296162’ to ‘363076002’ [-Woverflow]
  260 |     return 365435296162;
      |            ^~~~~~~~~~~~
./CPP_63.cpp:264:12: warning: overflow in conversion from ‘long int’ to ‘int’ changes value from ‘591286729879’ to ‘-1418756969’ [-Woverflow]
  264 |     return 591286729879;
      |            ^~~~~~~~~~~~
./CPP_63.cpp:268:12: warning: overflow in conversion from ‘long int’ to ‘int’ changes value from ‘956722026041’ to ‘-1055680967’ [-Woverflow]
  268 |     return 956722026041;
      |            ^~~~~~~~~~~~
./CPP_63.cpp:272:12: warning: overflow in conversion from ‘long int’ to ‘int’ changes value from ‘1548008755920’ to ‘1820529360’ [-Woverflow]
  272 |     return 1548008755920;
      |            ^~~~~~~~~~~~~
./CPP_63.cpp:276:12: warning: overflow in conversion from ‘long int’ to ‘int’ changes value from ‘2504730781961’ to ‘764848393’ [-Woverflow]
  276 |     return 2504730781961;
      |            ^~~~~~~~~~~~~
./CPP_63.cpp:280:12: warning: overflow in conversion from ‘long int’ to ‘int’ changes value from ‘4052739537881’ to ‘-1709589543’ [-Woverflow]
  280 |     return 4052739537881;
      |            ^~~~~~~~~~~~~
./CPP_63.cpp:284:12: warning: overflow in conversion from ‘long int’ to ‘int’ changes value from ‘6557470319842’ to ‘-944741150’ [-Woverflow]
  284 |     return 6557470319842;
      |            ^~~~~~~~~~~~~
./CPP_63.cpp:288:12: warning: overflow in conversion from ‘long int’ to ‘int’ changes value from ‘10610809650293’ to ‘-2054538123’ [-Woverflow]
  288 |     return 10610809650293;
      |            ^~~~~~~~~~~~~~
./CPP_63.cpp:292:12: warning: overflow in conversion from ‘long int’ to ‘int’ changes value from ‘17167680177565’ to ‘695895453’ [-Woverflow]
  292 |     return 17167680177565;
      |            ^~~~~~~~~~~~~~
./CPP_63.cpp:296:12: warning: overflow in conversion from ‘long int’ to ‘int’ changes value from ‘27777890035288’ to ‘-1958435240’ [-Woverflow]
  296 |     return 27777890035288;
      |            ^~~~~~~~~~~~~~
./CPP_63.cpp:300:12: warning: overflow in conversion from ‘long int’ to ‘int’ changes value from ‘44945570212853’ to ‘-1262539787’ [-Woverflow]
  300 |     return 44945570212853;
      |            ^~~~~~~~~~~~~~
./CPP_63.cpp:304:12: warning: overflow in conversion from ‘long int’ to ‘int’ changes value from ‘72723460248141’ to ‘1073992269’ [-Woverflow]
  304 |     return 72723460248141;
      |            ^~~~~~~~~~~~~~
./CPP_63.cpp:308:12: warning: overflow in conversion from ‘long int’ to ‘int’ changes value from ‘117669030460994’ to ‘-188547518’ [-Woverflow]
  308 |     return 117669030460994;
      |            ^~~~~~~~~~~~~~~
./CPP_63.cpp:312:12: warning: overflow in conversion from ‘long int’ to ‘int’ changes value from ‘190392490709135’ to ‘885444751’ [-Woverflow]
  312 |     return 190392490709135;
      |            ^~~~~~~~~~~~~~~
./CPP_63.cpp:316:12: warning: overflow in conversion from ‘long int’ to ‘int’ changes value from ‘308061521170129’ to ‘696897233’ [-Woverflow]
  316 |     return 308061521170129;
      |            ^~~~~~~~~~~~~~~
./CPP_63.cpp:320:12: warning: overflow in conversion from ‘long int’ to ‘int’ changes value from ‘498454011879264’ to ‘1582341984’ [-Woverflow]
  320 |     return 498454011879264;
      |            ^~~~~~~~~~~~~~~
./CPP_63.cpp:324:12: warning: overflow in conversion from ‘long int’ to ‘int’ changes value from ‘806515533049393’ to ‘-2015728079’ [-Woverflow]
  324 |     return 806515533049393;
      |            ^~~~~~~~~~~~~~~
./CPP_63.cpp:328:12: warning: overflow in conversion from ‘long int’ to ‘int’ changes value from ‘1304969544928657’ to ‘-433386095’ [-Woverflow]
  328 |     return 1304969544928657;
      |            ^~~~~~~~~~~~~~~~
./CPP_63.cpp:332:12: warning: overflow in conversion from ‘long int’ to ‘int’ changes value from ‘2111485077978050’ to ‘1845853122’ [-Woverflow]
  332 |     return 2111485077978050;
      |            ^~~~~~~~~~~~~~~~
./CPP_63.cpp:336:12: warning: overflow in conversion from ‘long int’ to ‘int’ changes value from ‘3416454622906707’ to ‘1412467027’ [-Woverflow]
  336 |     return 3416454622906707;
      |            ^~~~~~~~~~~~~~~~
./CPP_63.cpp:340:12: warning: overflow in conversion from ‘long int’ to ‘int’ changes value from ‘5527939700884757’ to ‘-1036647147’ [-Woverflow]
  340 |     return 5527939700884757;
      |            ^~~~~~~~~~~~~~~~
./CPP_63.cpp:344:12: warning: overflow in conversion from ‘long int’ to ‘int’ changes value from ‘8944394323791464’ to ‘375819880’ [-Woverflow]
  344 |     return 8944394323791464;
      |            ^~~~~~~~~~~~~~~~
./CPP_63.cpp:348:12: warning: overflow in conversion from ‘long int’ to ‘int’ changes value from ‘14472334024676221’ to ‘-660827267’ [-Woverflow]
  348 |     return 14472334024676221;
      |            ^~~~~~~~~~~~~~~~~
./CPP_63.cpp:352:12: warning: overflow in conversion from ‘long int’ to ‘int’ changes value from ‘23416728348467685’ to ‘-285007387’ [-Woverflow]
  352 |     return 23416728348467685;
      |            ^~~~~~~~~~~~~~~~~
./CPP_63.cpp:356:12: warning: overflow in conversion from ‘long int’ to ‘int’ changes value from ‘37889062373143906’ to ‘-945834654’ [-Woverflow]
  356 |     return 37889062373143906;
      |            ^~~~~~~~~~~~~~~~~
./CPP_63.cpp:360:12: warning: overflow in conversion from ‘long int’ to ‘int’ changes value from ‘61305790721611591’ to ‘-1230842041’ [-Woverflow]
  360 |     return 61305790721611591;
      |            ^~~~~~~~~~~~~~~~~
./CPP_63.cpp:364:12: warning: overflow in conversion from ‘long int’ to ‘int’ changes value from ‘99194853094755497’ to ‘2118290601’ [-Woverflow]
  364 |     return 99194853094755497;
      |            ^~~~~~~~~~~~~~~~~
./CPP_63.cpp:368:12: warning: overflow in conversion from ‘long int’ to ‘int’ changes value from ‘160500643816367088’ to ‘887448560’ [-Woverflow]
  368 |     return 160500643816367088;
      |            ^~~~~~~~~~~~~~~~~~
./CPP_63.cpp:372:12: warning: overflow in conversion from ‘long int’ to ‘int’ changes value from ‘259695496911122585’ to ‘-1289228135’ [-Woverflow]
  372 |     return 259695496911122585;
      |            ^~~~~~~~~~~~~~~~~~
./CPP_63.cpp:376:12: warning: overflow in conversion from ‘long int’ to ‘int’ changes value from ‘420196140727489673’ to ‘-401779575’ [-Woverflow]
  376 |     return 420196140727489673;
      |            ^~~~~~~~~~~~~~~~~~
./CPP_63.cpp:380:12: warning: overflow in conversion from ‘long int’ to ‘int’ changes value from ‘679891637638612258’ to ‘-1691007710’ [-Woverflow]
  380 |     return 679891637638612258;
      |            ^~~~~~~~~~~~~~~~~~
./CPP_63.cpp:384:12: warning: overflow in conversion from ‘long int’ to ‘int’ changes value from ‘1099605902755911551’ to ‘447764351’ [-Woverflow]
  384 |     return 1099605902755911551;
      |            ^~~~~~~~~~~~~~~~~~~
./CPP_63.cpp:388:12: warning: overflow in conversion from ‘long int’ to ‘int’ changes value from ‘1779979416004714189’ to ‘511172301’ [-Woverflow]
  388 |     return 1779979416004714189;
      |            ^~~~~~~~~~~~~~~~~~~
./CPP_63.cpp:392:12: warning: overflow in conversion from ‘long int’ to ‘int’ changes value from ‘2879925220124596000’ to ‘-1388898528’ [-Woverflow]
  392 |     return 2879925220124596000;
      |            ^~~~~~~~~~~~~~~~~~~
./CPP_63.cpp:396:12: warning: overflow in conversion from ‘long int’ to ‘int’ changes value from ‘4656004661037553000’ to ‘364172648’ [-Woverflow]
  396 |     return 4656004661037553000;
      |            ^~~~~~~~~~~~~~~~~~~
./CPP_63.cpp:400:12: warning: overflow in conversion from ‘long int’ to ‘int’ changes value from ‘7530586001482752000’ to ‘-790061056’ [-Woverflow]
  400 |     return 7530586001482752000;
      |            ^~~~~~~~~~~~~~~~~~~
./CPP_63.cpp:404:12: warning: overflow in conversion from ‘__int128’ to ‘int’ changes value from ‘12189453366759837000’ to ‘736677192’ [-Woverflow]
  404 |     return 12189453366759837000;
      |            ^~~~~~~~~~~~~~~~~~~~
./CPP_63.cpp:408:12: warning: overflow in conversion from ‘long int’ to ‘int’ changes value from ‘1293530146158671384’ to ‘-2079590888’ [-Woverflow]
  408 |     return 19740274219868223000;
      |            ^~~~~~~~~~~~~~~~~~~~
./CPP_63.cpp:412:12: warning: overflow in conversion from ‘__int128’ to ‘int’ changes value from ‘13493690561280547384’ to ‘-1507124680’ [-Woverflow]
  412 |     return 31940434634990099000;
      |            ^~~~~~~~~~~~~~~~~~~~
./CPP_63.cpp:416:12: warning: overflow in conversion from ‘__int128’ to ‘int’ changes value from ‘14787220707439219768’ to ‘708252728’ [-Woverflow]
  416 |     return 51680708854858323000;
      |            ^~~~~~~~~~~~~~~~~~~~
./CPP_63.cpp:420:12: warning: overflow in conversion from ‘__int128’ to ‘int’ changes value from ‘9834167195010215536’ to ‘-798871952’ [-Woverflow]
  420 |     return 83621143489848422000;
      |            ^~~~~~~~~~~~~~~~~~~~
./CPP_63.cpp:424:12: warning: overflow in conversion from ‘long int’ to ‘int’ changes value from ‘6174643828739878688’ to ‘-90624224’ [-Woverflow]
  424 |     return 135301852344706740000;
      |            ^~~~~~~~~~~~~~~~~~~~~
./CPP_63.cpp:428:12: warning: overflow in conversion from ‘__int128’ to ‘int’ changes value from ‘16008811023750092224’ to ‘-889498176’ [-Woverflow]
  428 |     return 218922995834555160000;
      |            ^~~~~~~~~~~~~~~~~~~~~
./CPP_63.cpp:432:12: warning: overflow in conversion from ‘__int128’ to ‘int’ changes value from ‘16975740744216639892’ to ‘-98010732’ [-Woverflow]
  432 |     return 35422484817926191508;
      |            ^~~~~~~~~~~~~~~~~~~~
In file included from ./CPP_63.cpp:439:
./CPP_63.cpp: In function ‘int main()’:
./CPP_63.cpp:441:13: error: ‘fibfib’ was not declared in this scope
  441 |     assert (fibfib(2) == 1);
      |             ^~~~~~


CPP_83.cpp: Compilation Failed
Error: In file included from ./CPP_83.cpp:12:
./CPP_83.cpp: In function ‘int main()’:
./CPP_83.cpp:14:13: error: ‘starts_one_ends’ was not declared in this scope; did you mean ‘starts_one_end’?
   14 |     assert (starts_one_ends(1) == 1);
      |             ^~~~~~~~~~~~~~~


CPP_71.cpp: Compilation Failed
Error: ./CPP_71.cpp: In function ‘float triangle_area(float, float, float)’:
./CPP_71.cpp:4:16: error: ‘sqrt’ was not declared in this scope
    4 |         return sqrt(s * (s - a) * (s - b) * (s - c)) / 2;
      |                ^~~~
In file included from ./CPP_71.cpp:11:
./CPP_71.cpp: In function ‘int main()’:
./CPP_71.cpp:13:13: error: ‘abs’ was not declared in this scope
   13 |     assert (abs(triangle_area(3, 4, 5)-6.00)<0.01);
      |             ^~~


CPP_154.cpp: Compilation Failed
Error: In file included from ./CPP_154.cpp:3:
./CPP_154.cpp: In function ‘int main()’:
./CPP_154.cpp:5:14: error: ‘cycpattern_check’ was not declared in this scope
    5 |     assert  (cycpattern_check("xyzw","xyw") == false );
      |              ^~~~~~~~~~~~~~~~


CPP_99.cpp: Compilation Failed
Error: ./CPP_99.cpp: In function ‘int closest_integer(std::string)’:
./CPP_99.cpp:8:22: error: ‘llvm’ was not declared in this scope
    8 |     double rounded = llvm.round.f64(num);
      |                      ^~~~


CPP_39.cpp: Execution Failed
Error: CPP_39: ./CPP_39.cpp:24: int main(): Assertion `prime_fib(1) == 2' failed.
Aborted (core dumped)


CPP_56.cpp: Compilation Failed
Error: In file included from ./CPP_56.cpp:3:
./CPP_56.cpp: In function ‘int main()’:
./CPP_56.cpp:5:13: error: ‘correct_bracketing’ was not declared in this scope
    5 |     assert (correct_bracketing("<>"));
      |             ^~~~~~~~~~~~~~~~~~


CPP_59.cpp: Compilation Failed
Error: ./CPP_59.cpp:27:5: error: redefinition of ‘int main()’
   27 | int main(){
      |     ^~~~
./CPP_59.cpp:18:5: note: ‘int main()’ previously defined here
   18 | int main() {
      |     ^~~~


CPP_77.cpp: Compilation Failed
Error: In file included from ./CPP_77.cpp:10:
./CPP_77.cpp: In function ‘int main()’:
./CPP_77.cpp:12:13: error: ‘iscuber’ was not declared in this scope
   12 |     assert (iscuber(1) == true);
      |             ^~~~~~~


CPP_41.cpp: Compilation Failed
Error: ./CPP_41.cpp:2:1: error: ‘The’ does not name a type
    2 | The provided IR code is a low-level representation of a C++ function that takes a string as input and returns a boolean value indicating whether the brackets in the string are correctly matched. The function uses a simple algorithm that iterates over the characters in the string and keeps track of the nesting level of the brackets. If the nesting level becomes negative at any point, the function returns false. If the nesting level is zero at the end of the iteration, the function returns true.
      | ^~~
In file included from ./CPP_41.cpp:7:
./CPP_41.cpp: In function ‘int main()’:
./CPP_41.cpp:9:13: error: ‘car_race_collision’ was not declared in this scope
    9 |     assert (car_race_collision(2) == 4);
      |             ^~~~~~~~~~~~~~~~~~
./CPP_41.cpp:9:5: error: ‘__assert_fail’ was not declared in this scope
    9 |     assert (car_race_collision(2) == 4);
      |     ^~~~~~


CPP_0.cpp: Compilation Failed
Error: ./CPP_0.cpp: In function ‘int main()’:
./CPP_0.cpp:5:5: error: ‘vector’ was not declared in this scope
    5 |     vector<float> a={1.0, 2.0, 3.9, 4.0, 5.0, 2.2};
      |     ^~~~~~
./CPP_0.cpp:5:12: error: expected primary-expression before ‘float’
    5 |     vector<float> a={1.0, 2.0, 3.9, 4.0, 5.0, 2.2};
      |            ^~~~~
In file included from ./CPP_0.cpp:3:
./CPP_0.cpp:6:32: error: ‘a’ was not declared in this scope
    6 |     assert (has_close_elements(a, 0.3)==true);
      |                                ^
./CPP_0.cpp:6:13: error: ‘has_close_elements’ was not declared in this scope
    6 |     assert (has_close_elements(a, 0.3)==true);
      |             ^~~~~~~~~~~~~~~~~~


CPP_157.cpp: Execution Failed
Error: CPP_157: ./CPP_157.cpp:20: int main(): Assertion `right_angle_triangle(1, 2, 3) == false' failed.
Aborted (core dumped)


CPP_162.cpp: Compilation Failed
Error: In file included from ./CPP_162.cpp:24:
./CPP_162.cpp: In function ‘int main()’:
./CPP_162.cpp:26:13: error: ‘string_to_md5’ was not declared in this scope
   26 |     assert (string_to_md5("Hello world") == "3e25960a79dbc69b674cd4ec67a72c62");
      |             ^~~~~~~~~~~~~


CPP_141.cpp: Compilation Failed
Error: In file included from ./CPP_141.cpp:3:
./CPP_141.cpp: In function ‘int main()’:
./CPP_141.cpp:5:13: error: ‘file_name_check’ was not declared in this scope
    5 |     assert (file_name_check("example.txt") == "Yes");
      |             ^~~~~~~~~~~~~~~


CPP_127.cpp: Compilation Failed
Error: In file included from ./CPP_127.cpp:3:
./CPP_127.cpp: In function ‘int main()’:
./CPP_127.cpp:5:13: error: ‘intersection’ was not declared in this scope
    5 |     assert (intersection({1, 2}, {2, 3}) == "NO");
      |             ^~~~~~~~~~~~


CPP_31.cpp: Compilation Failed
Error: In file included from ./CPP_31.cpp:3:
./CPP_31.cpp: In function ‘int main()’:
./CPP_31.cpp:5:13: error: ‘is_prime’ was not declared in this scope
    5 |     assert (is_prime(6) == false);
      |             ^~~~~~~~


CPP_122.cpp: Compilation Failed
Error: ./CPP_122.cpp:1:18: error: ‘vector’ was not declared in this scope
    1 | int add_elements(vector<int> &v, int n) {
      |                  ^~~~~~
./CPP_122.cpp:1:25: error: expected primary-expression before ‘int’
    1 | int add_elements(vector<int> &v, int n) {
      |                         ^~~
./CPP_122.cpp:1:34: error: expected primary-expression before ‘int’
    1 | int add_elements(vector<int> &v, int n) {
      |                                  ^~~
./CPP_122.cpp:1:39: error: expression list treated as compound expression in initializer [-fpermissive]
    1 | int add_elements(vector<int> &v, int n) {
      |                                       ^
In file included from ./CPP_122.cpp:12:
./CPP_122.cpp: In function ‘int main()’:
./CPP_122.cpp:14:56: error: ‘add_elements’ cannot be used as a function
   14 |     assert (add_elements({1,-2,-3,41,57,76,87,88,99}, 3) == -4);
      |                                                        ^
./CPP_122.cpp:15:49: error: ‘add_elements’ cannot be used as a function
   15 |     assert (add_elements({111,121,3,4000,5,6}, 2) == 0);
      |                                                 ^
./CPP_122.cpp:16:51: error: ‘add_elements’ cannot be used as a function
   16 |     assert (add_elements({11,21,3,90,5,6,7,8,9}, 4) == 125);
      |                                                   ^
./CPP_122.cpp:17:54: error: ‘add_elements’ cannot be used as a function
   17 |     assert (add_elements({111,21,3,4000,5,6,7,8,9}, 4) == 24);
      |                                                      ^
./CPP_122.cpp:18:32: error: ‘add_elements’ cannot be used as a function
   18 |     assert (add_elements({1}, 1) == 1);
      |                                ^


CPP_49.cpp: Compilation Failed
Error: In file included from ./CPP_49.cpp:15:
./CPP_49.cpp: In function ‘int main()’:
./CPP_49.cpp:17:13: error: ‘modp’ was not declared in this scope; did you mean ‘mod’?
   17 |     assert (modp(3, 5) == 3);
      |             ^~~~


CPP_3.cpp: Compilation Failed
Error: In file included from ./CPP_3.cpp:3:
./CPP_3.cpp: In function ‘int main()’:
./CPP_3.cpp:5:13: error: ‘below_zero’ was not declared in this scope
    5 |     assert (below_zero({}) == false);
      |             ^~~~~~~~~~


CPP_97.cpp: Compilation Failed
Error: In file included from ./CPP_97.cpp:3:
./CPP_97.cpp: In function ‘int main()’:
./CPP_97.cpp:5:13: error: ‘multiply’ was not declared in this scope
    5 |     assert (multiply(148, 412) == 16                   );
      |             ^~~~~~~~


CPP_4.cpp: Compilation Failed
Error: In file included from ./CPP_4.cpp:3:
./CPP_4.cpp: In function ‘int main()’:
./CPP_4.cpp:5:17: error: ‘mean_absolute_deviation’ was not declared in this scope
    5 |     assert (abs(mean_absolute_deviation({1.0, 2.0, 3.0}) - 2.0/3.0) < 1e-4);
      |                 ^~~~~~~~~~~~~~~~~~~~~~~
./CPP_4.cpp:5:13: error: ‘abs’ was not declared in this scope
    5 |     assert (abs(mean_absolute_deviation({1.0, 2.0, 3.0}) - 2.0/3.0) < 1e-4);
      |             ^~~


CPP_60.cpp: Compilation Failed
Error: In file included from ./CPP_60.cpp:19:
./CPP_60.cpp: In function ‘int main()’:
./CPP_60.cpp:21:13: error: ‘sum_to_n’ was not declared in this scope
   21 |     assert (sum_to_n(1) == 1);
      |             ^~~~~~~~


CPP_76.cpp: Execution Failed
Error: CPP_76: ./CPP_76.cpp:26: int main(): Assertion `is_simple_power(1, 4)== true' failed.
Aborted (core dumped)


CPP_80.cpp: Compilation Failed
Error: In file included from ./CPP_80.cpp:3:
./CPP_80.cpp: In function ‘int main()’:
./CPP_80.cpp:5:13: error: ‘is_happy’ was not declared in this scope
    5 |     assert (is_happy("a") == false );
      |             ^~~~~~~~


CPP_27.cpp: Compilation Failed
Error: In file included from ./CPP_27.cpp:3:
./CPP_27.cpp: In function ‘int main()’:
./CPP_27.cpp:5:13: error: ‘filp_case’ was not declared in this scope
    5 |     assert (filp_case("") == "");
      |             ^~~~~~~~~


CPP_24.cpp: Execution Failed
Error: CPP_24: ./CPP_24.cpp:17: int main(): Assertion `largest_divisor(10) == 5' failed.
Aborted (core dumped)


CPP_92.cpp: Compilation Failed
Error: ./CPP_92.cpp: In function ‘bool any_int(float, float, float)’:
./CPP_92.cpp:7:19: error: ‘round’ was not declared in this scope; did you mean ‘round_a’?
    7 |     int round_a = round(a);
      |                   ^~~~~
      |                   round_a


CPP_43.cpp: Compilation Failed
Error: In file included from ./CPP_43.cpp:3:
./CPP_43.cpp: In function ‘int main()’:
./CPP_43.cpp:5:13: error: ‘pairs_sum_to_zero’ was not declared in this scope
    5 |     assert (pairs_sum_to_zero({1, 3, 5, 0}) == false);
      |             ^~~~~~~~~~~~~~~~~


CPP_53.cpp: Compilation Failed
Error: ./CPP_53.cpp: In function ‘int main()’:
./CPP_53.cpp:16:15: error: ‘rand’ was not declared in this scope
   16 |         int x=rand()%1000;
      |               ^~~~


CPP_52.cpp: Compilation Failed
Error: ./CPP_52.cpp:1:1: error: ‘$’ does not name a type
    1 | $ llvm-ir -S -o output.cpp input.ll
      | ^
In file included from ./CPP_52.cpp:4:
./CPP_52.cpp: In function ‘int main()’:
./CPP_52.cpp:6:13: error: ‘below_threshold’ was not declared in this scope
    6 |     assert (below_threshold({1, 2, 4, 10}, 100));
      |             ^~~~~~~~~~~~~~~
./CPP_52.cpp:6:5: error: ‘__assert_fail’ was not declared in this scope
    6 |     assert (below_threshold({1, 2, 4, 10}, 100));
      |     ^~~~~~


CPP_2.cpp: Compilation Failed
Error: ./CPP_2.cpp:22:5: error: redefinition of ‘int main()’
   22 | int main(){
      |     ^~~~
./CPP_2.cpp:13:5: note: ‘int main()’ previously defined here
   13 | int main() {
      |     ^~~~


CPP_139.cpp: Compilation Failed
Error: In file included from ./CPP_139.cpp:3:
./CPP_139.cpp: In function ‘int main()’:
./CPP_139.cpp:5:13: error: ‘special_factorial’ was not declared in this scope
    5 |     assert (special_factorial(4) == 288);
      |             ^~~~~~~~~~~~~~~~~


CPP_57.cpp: Compilation Failed
Error: ./CPP_57.cpp:3:21: error: ‘vector’ is not a member of ‘std’
    3 | bool monotonic(std::vector<float> &v) {
      |                     ^~~~~~
./CPP_57.cpp:2:1: note: ‘std::vector’ is defined in header ‘<vector>’; did you forget to ‘#include <vector>’?
    1 | #include <string>
  +++ |+#include <vector>
    2 | 
./CPP_57.cpp:3:28: error: expected primary-expression before ‘float’
    3 | bool monotonic(std::vector<float> &v) {
      |                            ^~~~~
In file included from ./CPP_57.cpp:14:
./CPP_57.cpp: In function ‘int main()’:
./CPP_57.cpp:16:36: error: ‘monotonic’ cannot be used as a function
   16 |     assert (monotonic({1, 2, 4, 10}) == true);
      |                                    ^
./CPP_57.cpp:17:36: error: ‘monotonic’ cannot be used as a function
   17 |     assert (monotonic({1, 2, 4, 20}) == true);
      |                                    ^
./CPP_57.cpp:18:37: error: ‘monotonic’ cannot be used as a function
   18 |     assert (monotonic({1, 20, 4, 10}) == false);
      |                                     ^
./CPP_57.cpp:19:37: error: ‘monotonic’ cannot be used as a function
   19 |     assert (monotonic({4, 1, 0, -10}) == true);
      |                                     ^
./CPP_57.cpp:20:35: error: ‘monotonic’ cannot be used as a function
   20 |     assert (monotonic({4, 1, 1, 0}) == true);
      |                                   ^
./CPP_57.cpp:21:42: error: ‘monotonic’ cannot be used as a function
   21 |     assert (monotonic({1, 2, 3, 2, 5, 60}) == false);
      |                                          ^
./CPP_57.cpp:22:42: error: ‘monotonic’ cannot be used as a function
   22 |     assert (monotonic({1, 2, 3, 4, 5, 60}) == true);
      |                                          ^
./CPP_57.cpp:23:35: error: ‘monotonic’ cannot be used as a function
   23 |     assert (monotonic({9, 9, 9, 9}) == true);
      |                                   ^


CPP_108.cpp: Compilation Failed
Error: In file included from ./CPP_108.cpp:3:
./CPP_108.cpp: In function ‘int main()’:
./CPP_108.cpp:5:13: error: ‘count_nums’ was not declared in this scope
    5 |     assert (count_nums({}) == 0);
      |             ^~~~~~~~~~


CPP_61.cpp: Compilation Failed
Error: In file included from ./CPP_61.cpp:3:
./CPP_61.cpp: In function ‘int main()’:
./CPP_61.cpp:5:13: error: ‘correct_bracketing’ was not declared in this scope
    5 |     assert (correct_bracketing("()"));
      |             ^~~~~~~~~~~~~~~~~~


CPP_75.cpp: Execution Failed
Error: CPP_75: ./CPP_75.cpp:18: int main(): Assertion `is_multiply_prime(5) == false' failed.
Aborted (core dumped)


CPP_66.cpp: Execution Failed
Error: CPP_66: ./CPP_66.cpp:20: int main(): Assertion `digitSum("abAB") == 131' failed.
Aborted (core dumped)


CPP_85.cpp: Compilation Failed
Error: In file included from ./CPP_85.cpp:3:
./CPP_85.cpp: In function ‘int main()’:
./CPP_85.cpp:5:13: error: ‘add’ was not declared in this scope
    5 |     assert (add({4, 88}) == 88);
      |             ^~~


CPP_46.cpp: Compilation Failed
Error: In file included from ./CPP_46.cpp:10:
./CPP_46.cpp: In function ‘int main()’:
./CPP_46.cpp:12:13: error: ‘fib4’ was not declared in this scope; did you mean ‘fib’?
   12 |     assert (fib4(5) == 4);
      |             ^~~~


CPP_28.cpp: Compilation Failed
Error: In file included from ./CPP_28.cpp:3:
./CPP_28.cpp: In function ‘int main()’:
./CPP_28.cpp:5:13: error: ‘concatenate’ was not declared in this scope
    5 |     assert (concatenate({}) == "");
      |             ^~~~~~~~~~~


CPP_36.cpp: Execution Failed
Error: CPP_36: ./CPP_36.cpp:14: int main(): Assertion `fizz_buzz(50) == 0' failed.
Aborted (core dumped)


CPP_131.cpp: Compilation Failed
Error: In file included from ./CPP_131.cpp:3:
./CPP_131.cpp: In function ‘int main()’:
./CPP_131.cpp:5:13: error: ‘digits’ was not declared in this scope
    5 |     assert (digits(5) == 5);
      |             ^~~~~~


CPP_132.cpp: Compilation Failed
Error: In file included from ./CPP_132.cpp:3:
./CPP_132.cpp: In function ‘int main()’:
./CPP_132.cpp:5:13: error: ‘is_nested’ was not declared in this scope
    5 |     assert (is_nested("[[]]") == true);
      |             ^~~~~~~~~


CPP_135.cpp: Compilation Failed
Error: In file included from ./CPP_135.cpp:3:
./CPP_135.cpp: In function ‘int main()’:
./CPP_135.cpp:5:13: error: ‘can_arrange’ was not declared in this scope
    5 |     assert (can_arrange({1,2,4,3,5})==3);
      |             ^~~~~~~~~~~


CPP_42.cpp: Compilation Failed
Error: ./CPP_42.cpp:4:13: error: ‘vector’ was not declared in this scope
    4 | bool issame(vector<int> a,vector<int>b){
      |             ^~~~~~
./CPP_42.cpp:4:20: error: expected primary-expression before ‘int’
    4 | bool issame(vector<int> a,vector<int>b){
      |                    ^~~
./CPP_42.cpp:4:27: error: ‘vector’ was not declared in this scope
    4 | bool issame(vector<int> a,vector<int>b){
      |                           ^~~~~~
./CPP_42.cpp:4:34: error: expected primary-expression before ‘int’
    4 | bool issame(vector<int> a,vector<int>b){
      |                                  ^~~
./CPP_42.cpp:4:39: error: expression list treated as compound expression in initializer [-fpermissive]
    4 | bool issame(vector<int> a,vector<int>b){
      |                                       ^
In file included from ./CPP_42.cpp:3:
./CPP_42.cpp: In function ‘int main()’:
./CPP_42.cpp:13:20: error: ‘incr_list’ was not declared in this scope
   13 |     assert (issame(incr_list({}) , {}));
      |                    ^~~~~~~~~
./CPP_42.cpp:13:38: error: ‘issame’ cannot be used as a function
   13 |     assert (issame(incr_list({}) , {}));
      |                                      ^
./CPP_42.cpp:14:52: error: ‘issame’ cannot be used as a function
   14 |     assert (issame(incr_list({3, 2, 1}) , {4, 3, 2}));
      |                                                    ^
./CPP_42.cpp:15:93: error: ‘issame’ cannot be used as a function
   15 |     assert (issame(incr_list({5, 2, 5, 2, 3, 3, 9, 0, 123}) , {6, 3, 6, 3, 4, 4, 10, 1, 124}));
      |                                                                                             ^


CPP_133.cpp: Compilation Failed
Error: In file included from ./CPP_133.cpp:3:
./CPP_133.cpp: In function ‘int main()’:
./CPP_133.cpp:5:13: error: ‘sum_squares’ was not declared in this scope
    5 |     assert (sum_squares({1,2,3})==14);
      |             ^~~~~~~~~~~


CPP_121.cpp: Compilation Failed
Error: ./CPP_121.cpp:1:15: error: ‘vector’ was not declared in this scope
    1 | int solutions(vector<int> &v) {
      |               ^~~~~~
./CPP_121.cpp:1:22: error: expected primary-expression before ‘int’
    1 | int solutions(vector<int> &v) {
      |                      ^~~
In file included from ./CPP_121.cpp:26:
./CPP_121.cpp: In function ‘int main()’:
./CPP_121.cpp:28:35: error: ‘solutions’ cannot be used as a function
   28 |     assert (solutions({5, 8, 7, 1})    == 12);
      |                                   ^
./CPP_121.cpp:29:38: error: ‘solutions’ cannot be used as a function
   29 |     assert (solutions({3, 3, 3, 3, 3}) == 9);
      |                                      ^
./CPP_121.cpp:30:40: error: ‘solutions’ cannot be used as a function
   30 |     assert (solutions({30, 13, 24, 321}) == 0);
      |                                        ^
./CPP_121.cpp:31:29: error: ‘solutions’ cannot be used as a function
   31 |     assert (solutions({5, 9}) == 5);
      |                             ^
./CPP_121.cpp:32:32: error: ‘solutions’ cannot be used as a function
   32 |     assert (solutions({2, 4, 8}) == 0);
      |                                ^
./CPP_121.cpp:33:39: error: ‘solutions’ cannot be used as a function
   33 |     assert (solutions({30, 13, 23, 32}) == 23);
      |                                       ^
./CPP_121.cpp:34:36: error: ‘solutions’ cannot be used as a function
   34 |     assert (solutions({3, 13, 2, 9}) == 3);
      |                                    ^


CPP_109.cpp: Compilation Failed
Error: ./CPP_109.cpp:1:20: error: ‘vector’ was not declared in this scope
    1 | bool move_one_ball(vector<int> &balls) {
      |                    ^~~~~~
./CPP_109.cpp:1:27: error: expected primary-expression before ‘int’
    1 | bool move_one_ball(vector<int> &balls) {
      |                           ^~~
In file included from ./CPP_109.cpp:22:
./CPP_109.cpp: In function ‘int main()’:
./CPP_109.cpp:24:42: error: ‘move_one_ball’ cannot be used as a function
   24 |     assert (move_one_ball({3, 4, 5, 1, 2})==true);
      |                                          ^
./CPP_109.cpp:25:43: error: ‘move_one_ball’ cannot be used as a function
   25 |     assert (move_one_ball({3, 5, 10, 1, 2})==true);
      |                                           ^
./CPP_109.cpp:26:39: error: ‘move_one_ball’ cannot be used as a function
   26 |     assert (move_one_ball({4, 3, 1, 2})==false);
      |                                       ^
./CPP_109.cpp:27:42: error: ‘move_one_ball’ cannot be used as a function
   27 |     assert (move_one_ball({3, 5, 4, 1, 2})==false);
      |                                          ^
./CPP_109.cpp:28:29: error: ‘move_one_ball’ cannot be used as a function
   28 |     assert (move_one_ball({})==true);
      |                             ^


CPP_12.cpp: Compilation Failed
Error: In file included from ./CPP_12.cpp:3:
./CPP_12.cpp: In function ‘int main()’:
./CPP_12.cpp:5:13: error: ‘longest’ was not declared in this scope; did you mean ‘long’?
    5 |     assert (longest({}) == "");
      |             ^~~~~~~


CPP_150.cpp: Execution Failed
Error: CPP_150: ./CPP_150.cpp:8: int main(): Assertion `x_or_y(7, 34, 12) == 34' failed.
Aborted (core dumped)


CPP_144.cpp: Compilation Failed
Error: In file included from ./CPP_144.cpp:3:
./CPP_144.cpp: In function ‘int main()’:
./CPP_144.cpp:5:13: error: ‘simplify’ was not declared in this scope
    5 |     assert (simplify("1/5", "5/1") == true);
      |             ^~~~~~~~


CPP_89.cpp: Compilation Failed
Error: ./CPP_89.cpp: In function ‘std::__cxx11::basic_string<char> _Z7encryptNSt7__cxx1112basic_stringIcSt11char_traitsIcESaIcEEE(std::__cxx11::basic_string<char>*)’:
./CPP_89.cpp:10:24: error: no matching function for call to ‘std::__cxx11::basic_string<char>::append(char&)’
   10 |         result.append(c);
      |                        ^
In file included from /usr/include/c++/9/string:55,
                 from ./CPP_89.cpp:1:
/usr/include/c++/9/bits/basic_string.h:1267:7: note: candidate: ‘std::__cxx11::basic_string<_CharT, _Traits, _Alloc>& std::__cxx11::basic_string<_CharT, _Traits, _Alloc>::append(const _CharT*) [with _CharT = char; _Traits = std::char_traits<char>; _Alloc = std::allocator<char>]’ <near match>
 1267 |       append(const _CharT* __s)
      |       ^~~~~~
/usr/include/c++/9/bits/basic_string.h:1267:7: note:   conversion of argument 1 would be ill-formed:
./CPP_89.cpp:10:23: error: invalid conversion from ‘char’ to ‘const char*’ [-fpermissive]
   10 |         result.append(c);
      |                       ^
      |                       |
      |                       char
In file included from /usr/include/c++/9/string:55,
                 from ./CPP_89.cpp:1:
/usr/include/c++/9/bits/basic_string.h:1225:7: note: candidate: ‘std::__cxx11::basic_string<_CharT, _Traits, _Alloc>& std::__cxx11::basic_string<_CharT, _Traits, _Alloc>::append(const std::__cxx11::basic_string<_CharT, _Traits, _Alloc>&) [with _CharT = char; _Traits = std::char_traits<char>; _Alloc = std::allocator<char>]’
 1225 |       append(const basic_string& __str)
      |       ^~~~~~
/usr/include/c++/9/bits/basic_string.h:1225:34: note:   no known conversion for argument 1 from ‘char’ to ‘const std::__cxx11::basic_string<char>&’
 1225 |       append(const basic_string& __str)
      |              ~~~~~~~~~~~~~~~~~~~~^~~~~
/usr/include/c++/9/bits/basic_string.h:1242:7: note: candidate: ‘std::__cxx11::basic_string<_CharT, _Traits, _Alloc>& std::__cxx11::basic_string<_CharT, _Traits, _Alloc>::append(const std::__cxx11::basic_string<_CharT, _Traits, _Alloc>&, std::__cxx11::basic_string<_CharT, _Traits, _Alloc>::size_type, std::__cxx11::basic_string<_CharT, _Traits, _Alloc>::size_type) [with _CharT = char; _Traits = std::char_traits<char>; _Alloc = std::allocator<char>; std::__cxx11::basic_string<_CharT, _Traits, _Alloc>::size_type = long unsigned int]’
 1242 |       append(const basic_string& __str, size_type __pos, size_type __n = npos)
      |       ^~~~~~
/usr/include/c++/9/bits/basic_string.h:1242:7: note:   candidate expects 3 arguments, 1 provided
/usr/include/c++/9/bits/basic_string.h:1254:7: note: candidate: ‘std::__cxx11::basic_string<_CharT, _Traits, _Alloc>& std::__cxx11::basic_string<_CharT, _Traits, _Alloc>::append(const _CharT*, std::__cxx11::basic_string<_CharT, _Traits, _Alloc>::size_type) [with _CharT = char; _Traits = std::char_traits<char>; _Alloc = std::allocator<char>; std::__cxx11::basic_string<_CharT, _Traits, _Alloc>::size_type = long unsigned int]’
 1254 |       append(const _CharT* __s, size_type __n)
      |       ^~~~~~
/usr/include/c++/9/bits/basic_string.h:1254:7: note:   candidate expects 2 arguments, 1 provided
/usr/include/c++/9/bits/basic_string.h:1284:7: note: candidate: ‘std::__cxx11::basic_string<_CharT, _Traits, _Alloc>& std::__cxx11::basic_string<_CharT, _Traits, _Alloc>::append(std::__cxx11::basic_string<_CharT, _Traits, _Alloc>::size_type, _CharT) [with _CharT = char; _Traits = std::char_traits<char>; _Alloc = std::allocator<char>; std::__cxx11::basic_string<_CharT, _Traits, _Alloc>::size_type = long unsigned int]’
 1284 |       append(size_type __n, _CharT __c)
      |       ^~~~~~
/usr/include/c++/9/bits/basic_string.h:1284:7: note:   candidate expects 2 arguments, 1 provided
/usr/include/c++/9/bits/basic_string.h:1294:7: note: candidate: ‘std::__cxx11::basic_string<_CharT, _Traits, _Alloc>& std::__cxx11::basic_string<_CharT, _Traits, _Alloc>::append(std::initializer_list<_Tp>) [with _CharT = char; _Traits = std::char_traits<char>; _Alloc = std::allocator<char>]’
 1294 |       append(initializer_list<_CharT> __l)
      |       ^~~~~~
/usr/include/c++/9/bits/basic_string.h:1294:39: note:   no known conversion for argument 1 from ‘char’ to ‘std::initializer_list<char>’
 1294 |       append(initializer_list<_CharT> __l)
      |              ~~~~~~~~~~~~~~~~~~~~~~~~~^~~
/usr/include/c++/9/bits/basic_string.h:1313:9: note: candidate: ‘template<class _InputIterator, class> std::__cxx11::basic_string<_CharT, _Traits, _Alloc>& std::__cxx11::basic_string<_CharT, _Traits, _Alloc>::append(_InputIterator, _InputIterator) [with _InputIterator = _InputIterator; <template-parameter-2-2> = <template-parameter-1-2>; _CharT = char; _Traits = std::char_traits<char>; _Alloc = std::allocator<char>]’
 1313 |         append(_InputIterator __first, _InputIterator __last)
      |         ^~~~~~
/usr/include/c++/9/bits/basic_string.h:1313:9: note:   template argument deduction/substitution failed:
./CPP_89.cpp:10:24: note:   candidate expects 2 arguments, 1 provided
   10 |         result.append(c);
      |                        ^
In file included from ./CPP_89.cpp:16:
./CPP_89.cpp: In function ‘int main()’:
./CPP_89.cpp:18:13: error: ‘encrypt’ was not declared in this scope
   18 |     assert (encrypt("hi") == "lm");
      |             ^~~~~~~


CPP_143.cpp: Compilation Failed
Error: In file included from ./CPP_143.cpp:3:
./CPP_143.cpp: In function ‘int main()’:
./CPP_143.cpp:5:13: error: ‘words_in_sentence’ was not declared in this scope
    5 |     assert (words_in_sentence("This is a test") == "is");
      |             ^~~~~~~~~~~~~~~~~


CPP_73.cpp: Compilation Failed
Error: In file included from ./CPP_73.cpp:3:
./CPP_73.cpp: In function ‘int main()’:
./CPP_73.cpp:5:13: error: ‘smallest_change’ was not declared in this scope
    5 |     assert (smallest_change({1,2,3,5,4,7,9,6}) == 4);
      |             ^~~~~~~~~~~~~~~


CPP_151.cpp: Compilation Failed
Error: In file included from ./CPP_151.cpp:3:
./CPP_151.cpp: In function ‘int main()’:
./CPP_151.cpp:5:13: error: ‘double_the_difference’ was not declared in this scope
    5 |     assert (double_the_difference({}) == 0);
      |             ^~~~~~~~~~~~~~~~~~~~~
./CPP_151.cpp:14:5: error: ‘vector’ was not declared in this scope
   14 |     vector<float> lst={};
      |     ^~~~~~
./CPP_151.cpp:14:12: error: expected primary-expression before ‘float’
   14 |     vector<float> lst={};
      |            ^~~~~
./CPP_151.cpp:18:9: error: ‘lst’ was not declared in this scope
   18 |         lst.push_back(i+0.0);
      |         ^~~
In file included from ./CPP_151.cpp:3:
./CPP_151.cpp:22:35: error: ‘lst’ was not declared in this scope
   22 |     assert (double_the_difference(lst) == odd_sum );
      |                                   ^~~


Summary
=======
Total files processed: 65
Compilation failures: 51
Execution failures: 10
Assertion failures: 0

Detailed Results
===============
CPP_110.cpp Compilation Failed
CPP_35.cpp Compilation Failed
CPP_138.cpp Execution Failed
CPP_134.cpp Compilation Failed
CPP_102.cpp Execution Failed
CPP_45.cpp Compilation Failed
CPP_63.cpp Compilation Failed
CPP_83.cpp Compilation Failed
CPP_71.cpp Compilation Failed
CPP_154.cpp Compilation Failed
CPP_99.cpp Compilation Failed
CPP_82.cpp Passed
CPP_39.cpp Execution Failed
CPP_56.cpp Compilation Failed
CPP_59.cpp Compilation Failed
CPP_77.cpp Compilation Failed
CPP_41.cpp Compilation Failed
CPP_0.cpp Compilation Failed
CPP_157.cpp Execution Failed
CPP_162.cpp Compilation Failed
CPP_141.cpp Compilation Failed
CPP_127.cpp Compilation Failed
CPP_31.cpp Compilation Failed
CPP_122.cpp Compilation Failed
CPP_49.cpp Compilation Failed
CPP_55.cpp Passed
CPP_3.cpp Compilation Failed
CPP_97.cpp Compilation Failed
CPP_4.cpp Compilation Failed
CPP_60.cpp Compilation Failed
CPP_76.cpp Execution Failed
CPP_80.cpp Compilation Failed
CPP_23.cpp Passed
CPP_27.cpp Compilation Failed
CPP_24.cpp Execution Failed
CPP_92.cpp Compilation Failed
CPP_43.cpp Compilation Failed
CPP_53.cpp Compilation Failed
CPP_52.cpp Compilation Failed
CPP_2.cpp Compilation Failed
CPP_139.cpp Compilation Failed
CPP_57.cpp Compilation Failed
CPP_108.cpp Compilation Failed
CPP_61.cpp Compilation Failed
CPP_13.cpp Passed
CPP_75.cpp Execution Failed
CPP_66.cpp Execution Failed
CPP_85.cpp Compilation Failed
CPP_46.cpp Compilation Failed
CPP_28.cpp Compilation Failed
CPP_36.cpp Execution Failed
CPP_131.cpp Compilation Failed
CPP_132.cpp Compilation Failed
CPP_135.cpp Compilation Failed
CPP_42.cpp Compilation Failed
CPP_133.cpp Compilation Failed
CPP_121.cpp Compilation Failed
CPP_109.cpp Compilation Failed
CPP_12.cpp Compilation Failed
CPP_150.cpp Execution Failed
CPP_144.cpp Compilation Failed
CPP_89.cpp Compilation Failed
CPP_143.cpp Compilation Failed
CPP_73.cpp Compilation Failed
CPP_151.cpp Compilation Failed
