Compilation and Execution Results
=================================

CPP_15.cpp: Compilation Failed
Error: In file included from ./CPP_15.cpp:3:
./CPP_15.cpp: In function ‘int main()’:
./CPP_15.cpp:5:13: error: ‘string_sequence’ was not declared in this scope
    5 |     assert (string_sequence(0) == "0");
      |             ^~~~~~~~~~~~~~~


CPP_30.cpp: Compilation Failed
Error: ./CPP_30.cpp:4:13: error: ‘vector’ was not declared in this scope
    4 | bool issame(vector<float> a,vector<float>b){
      |             ^~~~~~
./CPP_30.cpp:4:20: error: expected primary-expression before ‘float’
    4 | bool issame(vector<float> a,vector<float>b){
      |                    ^~~~~
./CPP_30.cpp:4:29: error: ‘vector’ was not declared in this scope
    4 | bool issame(vector<float> a,vector<float>b){
      |                             ^~~~~~
./CPP_30.cpp:4:36: error: expected primary-expression before ‘float’
    4 | bool issame(vector<float> a,vector<float>b){
      |                                    ^~~~~
./CPP_30.cpp:4:43: error: expression list treated as compound expression in initializer [-fpermissive]
    4 | bool issame(vector<float> a,vector<float>b){
      |                                           ^
In file included from ./CPP_30.cpp:3:
./CPP_30.cpp: In function ‘int main()’:
./CPP_30.cpp:13:20: error: ‘get_positive’ was not declared in this scope
   13 |     assert (issame(get_positive({-1, -2, 4, 5, 6}) , {4, 5, 6} ));
      |                    ^~~~~~~~~~~~
./CPP_30.cpp:13:64: error: ‘issame’ cannot be used as a function
   13 |     assert (issame(get_positive({-1, -2, 4, 5, 6}) , {4, 5, 6} ));
      |                                                                ^
./CPP_30.cpp:14:101: error: ‘issame’ cannot be used as a function
   14 |     assert (issame(get_positive({5, 3, -5, 2, 3, 3, 9, 0, 123, 1, -10}) , {5, 3, 2, 3, 3, 9, 123, 1}));
      |                                                                                                     ^
./CPP_30.cpp:15:49: error: ‘issame’ cannot be used as a function
   15 |      assert (issame(get_positive({-1, -2}) , {} ));
      |                                                 ^
./CPP_30.cpp:16:42: error: ‘issame’ cannot be used as a function
   16 |      assert (issame(get_positive({}) , {}));
      |                                          ^


CPP_35.cpp: Compilation Failed
Error: ./CPP_35.cpp:1:19: error: ‘vector’ was not declared in this scope
    1 | float max_element(vector<float> &v) {
      |                   ^~~~~~
./CPP_35.cpp:1:26: error: expected primary-expression before ‘float’
    1 | float max_element(vector<float> &v) {
      |                          ^~~~~
In file included from ./CPP_35.cpp:14:
./CPP_35.cpp: In function ‘int main()’:
./CPP_35.cpp:16:38: error: ‘max_element’ cannot be used as a function
   16 |     assert (abs(max_element({1, 2, 3})- 3)<1e-4);
      |                                      ^
./CPP_35.cpp:16:13: error: ‘abs’ was not declared in this scope
   16 |     assert (abs(max_element({1, 2, 3})- 3)<1e-4);
      |             ^~~
./CPP_35.cpp:17:68: error: ‘max_element’ cannot be used as a function
   17 |     assert (abs(max_element({5, 3, -5, 2, -3, 3, 9, 0, 124, 1, -10})- 124)<1e-4);
      |                                                                    ^


CPP_138.cpp: Compilation Failed
Error: ./CPP_138.cpp:28:5: error: redefinition of ‘int main()’
   28 | int main(){
      |     ^~~~
./CPP_138.cpp:15:5: note: ‘int main()’ previously defined here
   15 | int main() {
      |     ^~~~


CPP_134.cpp: Execution Failed
Error: CPP_134: ./CPP_134.cpp:20: int main(): Assertion `check_if_last_char_is_a_letter("apple") == false' failed.
Aborted (core dumped)


CPP_102.cpp: Execution Failed
Error: CPP_102: ./CPP_102.cpp:8: int main(): Assertion `choose_num(12, 15) == 14' failed.
Aborted (core dumped)


CPP_45.cpp: Compilation Failed
Error: ./CPP_45.cpp:2:1: error: ‘The’ does not name a type
    2 | The provided IR code is a low-level representation of a C++ function that takes two floating-point numbers as input and returns their product. The function is defined in the "triangle_area" module and has the following attributes:
      | ^~~
In file included from ./CPP_45.cpp:18:
./CPP_45.cpp: In function ‘int main()’:
./CPP_45.cpp:20:17: error: ‘triangle_area’ was not declared in this scope
   20 |     assert (abs(triangle_area(5, 3) - 7.5)<1e-4);
      |                 ^~~~~~~~~~~~~
./CPP_45.cpp:20:13: error: ‘abs’ was not declared in this scope
   20 |     assert (abs(triangle_area(5, 3) - 7.5)<1e-4);
      |             ^~~
./CPP_45.cpp:20:5: error: ‘__assert_fail’ was not declared in this scope
   20 |     assert (abs(triangle_area(5, 3) - 7.5)<1e-4);
      |     ^~~~~~


CPP_21.cpp: Compilation Failed
Error: ./CPP_21.cpp:4:13: error: ‘vector’ was not declared in this scope
    4 | bool issame(vector<float> a,vector<float>b){
      |             ^~~~~~
./CPP_21.cpp:4:20: error: expected primary-expression before ‘float’
    4 | bool issame(vector<float> a,vector<float>b){
      |                    ^~~~~
./CPP_21.cpp:4:29: error: ‘vector’ was not declared in this scope
    4 | bool issame(vector<float> a,vector<float>b){
      |                             ^~~~~~
./CPP_21.cpp:4:36: error: expected primary-expression before ‘float’
    4 | bool issame(vector<float> a,vector<float>b){
      |                                    ^~~~~
./CPP_21.cpp:4:43: error: expression list treated as compound expression in initializer [-fpermissive]
    4 | bool issame(vector<float> a,vector<float>b){
      |                                           ^
In file included from ./CPP_21.cpp:3:
./CPP_21.cpp: In function ‘int main()’:
./CPP_21.cpp:13:20: error: ‘rescale_to_unit’ was not declared in this scope
   13 |     assert (issame(rescale_to_unit({2.0, 49.9}) , {0.0, 1.0}));
      |                    ^~~~~~~~~~~~~~~
./CPP_21.cpp:13:61: error: ‘issame’ cannot be used as a function
   13 |     assert (issame(rescale_to_unit({2.0, 49.9}) , {0.0, 1.0}));
      |                                                             ^
./CPP_21.cpp:14:63: error: ‘issame’ cannot be used as a function
   14 |      assert (issame(rescale_to_unit({100.0, 49.9}) ,{1.0, 0.0}));
      |                                                               ^
./CPP_21.cpp:15:93: error: ‘issame’ cannot be used as a function
   15 |      assert (issame(rescale_to_unit({1.0, 2.0, 3.0, 4.0, 5.0}) , {0.0, 0.25, 0.5, 0.75, 1.0}));
      |                                                                                             ^
./CPP_21.cpp:16:92: error: ‘issame’ cannot be used as a function
   16 |     assert (issame(rescale_to_unit({2.0, 1.0, 5.0, 3.0, 4.0}) , {0.25, 0.0, 1.0, 0.5, 0.75}));
      |                                                                                            ^
./CPP_21.cpp:17:97: error: ‘issame’ cannot be used as a function
   17 |      assert (issame(rescale_to_unit({12.0, 11.0, 15.0, 13.0, 14.0}) ,{0.25, 0.0, 1.0, 0.5, 0.75}));
      |                                                                                                 ^


CPP_78.cpp: Compilation Failed
Error: In file included from ./CPP_78.cpp:3:
./CPP_78.cpp: In function ‘int main()’:
./CPP_78.cpp:5:13: error: ‘hex_key’ was not declared in this scope
    5 |     assert (hex_key("AB") == 1      );
      |             ^~~~~~~


CPP_63.cpp: Compilation Failed
Error: ./CPP_63.cpp:282:16: warning: integer constant is so large that it is unsigned
  282 |         return 12200160415121876738;
      |                ^~~~~~~~~~~~~~~~~~~~
./CPP_63.cpp:285:16: warning: integer constant is too large for its type
  285 |         return 19740274219868223167;
      |                ^~~~~~~~~~~~~~~~~~~~
./CPP_63.cpp:288:16: warning: integer constant is too large for its type
  288 |         return 31940434634990099905;
      |                ^~~~~~~~~~~~~~~~~~~~
./CPP_63.cpp:291:16: warning: integer constant is too large for its type
  291 |         return 51680708854858323072;
      |                ^~~~~~~~~~~~~~~~~~~~
./CPP_63.cpp:294:16: warning: integer constant is too large for its type
  294 |         return 83621143489848422977;
      |                ^~~~~~~~~~~~~~~~~~~~
./CPP_63.cpp:297:16: warning: integer constant is too large for its type
  297 |         return 135301852344706746049;
      |                ^~~~~~~~~~~~~~~~~~~~~
./CPP_63.cpp:300:16: warning: integer constant is too large for its type
  300 |         return 218922995834555169026;
      |                ^~~~~~~~~~~~~~~~~~~~~
./CPP_63.cpp:303:16: warning: integer constant is too large for its type
  303 |         return 354224848179261915075;
      |                ^~~~~~~~~~~~~~~~~~~~~
./CPP_63.cpp: In function ‘int fib(int)’:
./CPP_63.cpp:147:16: warning: overflow in conversion from ‘long int’ to ‘int’ changes value from ‘4807526976’ to ‘512559680’ [-Woverflow]
  147 |         return 4807526976;
      |                ^~~~~~~~~~
./CPP_63.cpp:150:16: warning: overflow in conversion from ‘long int’ to ‘int’ changes value from ‘7778742049’ to ‘-811192543’ [-Woverflow]
  150 |         return 7778742049;
      |                ^~~~~~~~~~
./CPP_63.cpp:153:16: warning: overflow in conversion from ‘long int’ to ‘int’ changes value from ‘12586269025’ to ‘-298632863’ [-Woverflow]
  153 |         return 12586269025;
      |                ^~~~~~~~~~~
./CPP_63.cpp:156:16: warning: overflow in conversion from ‘long int’ to ‘int’ changes value from ‘20365011074’ to ‘-1109825406’ [-Woverflow]
  156 |         return 20365011074;
      |                ^~~~~~~~~~~
./CPP_63.cpp:159:16: warning: overflow in conversion from ‘long int’ to ‘int’ changes value from ‘32951280099’ to ‘-1408458269’ [-Woverflow]
  159 |         return 32951280099;
      |                ^~~~~~~~~~~
./CPP_63.cpp:162:16: warning: overflow in conversion from ‘long int’ to ‘int’ changes value from ‘53316291173’ to ‘1776683621’ [-Woverflow]
  162 |         return 53316291173;
      |                ^~~~~~~~~~~
./CPP_63.cpp:165:16: warning: overflow in conversion from ‘long int’ to ‘int’ changes value from ‘86267571272’ to ‘368225352’ [-Woverflow]
  165 |         return 86267571272;
      |                ^~~~~~~~~~~
./CPP_63.cpp:168:16: warning: overflow in conversion from ‘long int’ to ‘int’ changes value from ‘139583862445’ to ‘2144908973’ [-Woverflow]
  168 |         return 139583862445;
      |                ^~~~~~~~~~~~
./CPP_63.cpp:171:16: warning: overflow in conversion from ‘long int’ to ‘int’ changes value from ‘225851433717’ to ‘-1781832971’ [-Woverflow]
  171 |         return 225851433717;
      |                ^~~~~~~~~~~~
./CPP_63.cpp:174:16: warning: overflow in conversion from ‘long int’ to ‘int’ changes value from ‘365435296162’ to ‘363076002’ [-Woverflow]
  174 |         return 365435296162;
      |                ^~~~~~~~~~~~
./CPP_63.cpp:177:16: warning: overflow in conversion from ‘long int’ to ‘int’ changes value from ‘591286729879’ to ‘-1418756969’ [-Woverflow]
  177 |         return 591286729879;
      |                ^~~~~~~~~~~~
./CPP_63.cpp:180:16: warning: overflow in conversion from ‘long int’ to ‘int’ changes value from ‘956722026041’ to ‘-1055680967’ [-Woverflow]
  180 |         return 956722026041;
      |                ^~~~~~~~~~~~
./CPP_63.cpp:183:16: warning: overflow in conversion from ‘long int’ to ‘int’ changes value from ‘1548008755920’ to ‘1820529360’ [-Woverflow]
  183 |         return 1548008755920;
      |                ^~~~~~~~~~~~~
./CPP_63.cpp:186:16: warning: overflow in conversion from ‘long int’ to ‘int’ changes value from ‘2504730781961’ to ‘764848393’ [-Woverflow]
  186 |         return 2504730781961;
      |                ^~~~~~~~~~~~~
./CPP_63.cpp:189:16: warning: overflow in conversion from ‘long int’ to ‘int’ changes value from ‘4052739537881’ to ‘-1709589543’ [-Woverflow]
  189 |         return 4052739537881;
      |                ^~~~~~~~~~~~~
./CPP_63.cpp:192:16: warning: overflow in conversion from ‘long int’ to ‘int’ changes value from ‘6557470319842’ to ‘-944741150’ [-Woverflow]
  192 |         return 6557470319842;
      |                ^~~~~~~~~~~~~
./CPP_63.cpp:195:16: warning: overflow in conversion from ‘long int’ to ‘int’ changes value from ‘10610209857723’ to ‘1640636603’ [-Woverflow]
  195 |         return 10610209857723;
      |                ^~~~~~~~~~~~~~
./CPP_63.cpp:198:16: warning: overflow in conversion from ‘long int’ to ‘int’ changes value from ‘17167680177565’ to ‘695895453’ [-Woverflow]
  198 |         return 17167680177565;
      |                ^~~~~~~~~~~~~~
./CPP_63.cpp:201:16: warning: overflow in conversion from ‘long int’ to ‘int’ changes value from ‘27777890035288’ to ‘-1958435240’ [-Woverflow]
  201 |         return 27777890035288;
      |                ^~~~~~~~~~~~~~
./CPP_63.cpp:204:16: warning: overflow in conversion from ‘long int’ to ‘int’ changes value from ‘44945570212853’ to ‘-1262539787’ [-Woverflow]
  204 |         return 44945570212853;
      |                ^~~~~~~~~~~~~~
./CPP_63.cpp:207:16: warning: overflow in conversion from ‘long int’ to ‘int’ changes value from ‘72723460248141’ to ‘1073992269’ [-Woverflow]
  207 |         return 72723460248141;
      |                ^~~~~~~~~~~~~~
./CPP_63.cpp:210:16: warning: overflow in conversion from ‘long int’ to ‘int’ changes value from ‘117669030460994’ to ‘-188547518’ [-Woverflow]
  210 |         return 117669030460994;
      |                ^~~~~~~~~~~~~~~
./CPP_63.cpp:213:16: warning: overflow in conversion from ‘long int’ to ‘int’ changes value from ‘190392490709135’ to ‘885444751’ [-Woverflow]
  213 |         return 190392490709135;
      |                ^~~~~~~~~~~~~~~
./CPP_63.cpp:216:16: warning: overflow in conversion from ‘long int’ to ‘int’ changes value from ‘308061521170129’ to ‘696897233’ [-Woverflow]
  216 |         return 308061521170129;
      |                ^~~~~~~~~~~~~~~
./CPP_63.cpp:219:16: warning: overflow in conversion from ‘long int’ to ‘int’ changes value from ‘498454011879264’ to ‘1582341984’ [-Woverflow]
  219 |         return 498454011879264;
      |                ^~~~~~~~~~~~~~~
./CPP_63.cpp:222:16: warning: overflow in conversion from ‘long int’ to ‘int’ changes value from ‘806515533049393’ to ‘-2015728079’ [-Woverflow]
  222 |         return 806515533049393;
      |                ^~~~~~~~~~~~~~~
./CPP_63.cpp:225:16: warning: overflow in conversion from ‘long int’ to ‘int’ changes value from ‘1304969544928657’ to ‘-433386095’ [-Woverflow]
  225 |         return 1304969544928657;
      |                ^~~~~~~~~~~~~~~~
./CPP_63.cpp:228:16: warning: overflow in conversion from ‘long int’ to ‘int’ changes value from ‘2111485077978050’ to ‘1845853122’ [-Woverflow]
  228 |         return 2111485077978050;
      |                ^~~~~~~~~~~~~~~~
./CPP_63.cpp:231:16: warning: overflow in conversion from ‘long int’ to ‘int’ changes value from ‘3416454622906707’ to ‘1412467027’ [-Woverflow]
  231 |         return 3416454622906707;
      |                ^~~~~~~~~~~~~~~~
./CPP_63.cpp:234:16: warning: overflow in conversion from ‘long int’ to ‘int’ changes value from ‘5527939700884757’ to ‘-1036647147’ [-Woverflow]
  234 |         return 5527939700884757;
      |                ^~~~~~~~~~~~~~~~
./CPP_63.cpp:237:16: warning: overflow in conversion from ‘long int’ to ‘int’ changes value from ‘8944394323791464’ to ‘375819880’ [-Woverflow]
  237 |         return 8944394323791464;
      |                ^~~~~~~~~~~~~~~~
./CPP_63.cpp:240:16: warning: overflow in conversion from ‘long int’ to ‘int’ changes value from ‘14472334024676221’ to ‘-660827267’ [-Woverflow]
  240 |         return 14472334024676221;
      |                ^~~~~~~~~~~~~~~~~
./CPP_63.cpp:243:16: warning: overflow in conversion from ‘long int’ to ‘int’ changes value from ‘23416728348467685’ to ‘-285007387’ [-Woverflow]
  243 |         return 23416728348467685;
      |                ^~~~~~~~~~~~~~~~~
./CPP_63.cpp:246:16: warning: overflow in conversion from ‘long int’ to ‘int’ changes value from ‘37889062373143906’ to ‘-945834654’ [-Woverflow]
  246 |         return 37889062373143906;
      |                ^~~~~~~~~~~~~~~~~
./CPP_63.cpp:249:16: warning: overflow in conversion from ‘long int’ to ‘int’ changes value from ‘61305790721611591’ to ‘-1230842041’ [-Woverflow]
  249 |         return 61305790721611591;
      |                ^~~~~~~~~~~~~~~~~
./CPP_63.cpp:252:16: warning: overflow in conversion from ‘long int’ to ‘int’ changes value from ‘99194853094755497’ to ‘2118290601’ [-Woverflow]
  252 |         return 99194853094755497;
      |                ^~~~~~~~~~~~~~~~~
./CPP_63.cpp:255:16: warning: overflow in conversion from ‘long int’ to ‘int’ changes value from ‘160500643816367088’ to ‘887448560’ [-Woverflow]
  255 |         return 160500643816367088;
      |                ^~~~~~~~~~~~~~~~~~
./CPP_63.cpp:258:16: warning: overflow in conversion from ‘long int’ to ‘int’ changes value from ‘259695496911122585’ to ‘-1289228135’ [-Woverflow]
  258 |         return 259695496911122585;
      |                ^~~~~~~~~~~~~~~~~~
./CPP_63.cpp:261:16: warning: overflow in conversion from ‘long int’ to ‘int’ changes value from ‘420196140727489673’ to ‘-401779575’ [-Woverflow]
  261 |         return 420196140727489673;
      |                ^~~~~~~~~~~~~~~~~~
./CPP_63.cpp:264:16: warning: overflow in conversion from ‘long int’ to ‘int’ changes value from ‘679891637638612258’ to ‘-1691007710’ [-Woverflow]
  264 |         return 679891637638612258;
      |                ^~~~~~~~~~~~~~~~~~
./CPP_63.cpp:267:16: warning: overflow in conversion from ‘long int’ to ‘int’ changes value from ‘1100087778366101931’ to ‘-2092787285’ [-Woverflow]
  267 |         return 1100087778366101931;
      |                ^~~~~~~~~~~~~~~~~~~
./CPP_63.cpp:270:16: warning: overflow in conversion from ‘long int’ to ‘int’ changes value from ‘1779979416004714189’ to ‘511172301’ [-Woverflow]
  270 |         return 1779979416004714189;
      |                ^~~~~~~~~~~~~~~~~~~
./CPP_63.cpp:273:16: warning: overflow in conversion from ‘long int’ to ‘int’ changes value from ‘2880067194370816120’ to ‘-1581614984’ [-Woverflow]
  273 |         return 2880067194370816120;
      |                ^~~~~~~~~~~~~~~~~~~
./CPP_63.cpp:276:16: warning: overflow in conversion from ‘long int’ to ‘int’ changes value from ‘4660046610375530309’ to ‘-1070442683’ [-Woverflow]
  276 |         return 4660046610375530309;
      |                ^~~~~~~~~~~~~~~~~~~
./CPP_63.cpp:279:16: warning: overflow in conversion from ‘long int’ to ‘int’ changes value from ‘7540113804746346429’ to ‘1642909629’ [-Woverflow]
  279 |         return 7540113804746346429;
      |                ^~~~~~~~~~~~~~~~~~~
./CPP_63.cpp:282:16: warning: overflow in conversion from ‘__int128’ to ‘int’ changes value from ‘12200160415121876738’ to ‘572466946’ [-Woverflow]
  282 |         return 12200160415121876738;
      |                ^~~~~~~~~~~~~~~~~~~~
./CPP_63.cpp:285:16: warning: overflow in conversion from ‘long int’ to ‘int’ changes value from ‘1293530146158671551’ to ‘-2079590721’ [-Woverflow]
  285 |         return 19740274219868223167;
      |                ^~~~~~~~~~~~~~~~~~~~
./CPP_63.cpp:288:16: warning: overflow in conversion from ‘__int128’ to ‘int’ changes value from ‘13493690561280548289’ to ‘-1507123775’ [-Woverflow]
  288 |         return 31940434634990099905;
      |                ^~~~~~~~~~~~~~~~~~~~
./CPP_63.cpp:291:16: warning: overflow in conversion from ‘__int128’ to ‘int’ changes value from ‘14787220707439219840’ to ‘708252800’ [-Woverflow]
  291 |         return 51680708854858323072;
      |                ^~~~~~~~~~~~~~~~~~~~
./CPP_63.cpp:294:16: warning: overflow in conversion from ‘__int128’ to ‘int’ changes value from ‘9834167195010216513’ to ‘-798870975’ [-Woverflow]
  294 |         return 83621143489848422977;
      |                ^~~~~~~~~~~~~~~~~~~~
./CPP_63.cpp:297:16: warning: overflow in conversion from ‘long int’ to ‘int’ changes value from ‘6174643828739884737’ to ‘-90618175’ [-Woverflow]
  297 |         return 135301852344706746049;
      |                ^~~~~~~~~~~~~~~~~~~~~
./CPP_63.cpp:300:16: warning: overflow in conversion from ‘__int128’ to ‘int’ changes value from ‘16008811023750101250’ to ‘-889489150’ [-Woverflow]
  300 |         return 218922995834555169026;
      |                ^~~~~~~~~~~~~~~~~~~~~
./CPP_63.cpp:303:16: warning: overflow in conversion from ‘long int’ to ‘int’ changes value from ‘3736710778780434371’ to ‘-980107325’ [-Woverflow]
  303 |         return 354224848179261915075;
      |                ^~~~~~~~~~~~~~~~~~~~~
In file included from ./CPP_63.cpp:309:
./CPP_63.cpp: In function ‘int main()’:
./CPP_63.cpp:311:13: error: ‘fibfib’ was not declared in this scope
  311 |     assert (fibfib(2) == 1);
      |             ^~~~~~


CPP_83.cpp: Compilation Failed
Error: ./CPP_83.cpp:72:5: error: conflicting declaration of C function ‘int main()’
   72 | int main(){
      |     ^~~~
./CPP_83.cpp:61:5: note: previous declaration ‘int main(int, char**)’
   61 | int main(int argc, char **argv) {
      |     ^~~~
In file included from ./CPP_83.cpp:71:
./CPP_83.cpp: In function ‘int main()’:
./CPP_83.cpp:73:13: error: ‘starts_one_ends’ was not declared in this scope
   73 |     assert (starts_one_ends(1) == 1);
      |             ^~~~~~~~~~~~~~~


CPP_6.cpp: Compilation Failed
Error: ./CPP_6.cpp:26:13: error: ‘vector’ was not declared in this scope
   26 | bool issame(vector<int> a,vector<int>b){
      |             ^~~~~~
./CPP_6.cpp:26:1: note: ‘std::vector’ is defined in header ‘<vector>’; did you forget to ‘#include <vector>’?
   25 | #include<assert.h>
  +++ |+#include <vector>
   26 | bool issame(vector<int> a,vector<int>b){
./CPP_6.cpp:26:20: error: expected primary-expression before ‘int’
   26 | bool issame(vector<int> a,vector<int>b){
      |                    ^~~
./CPP_6.cpp:26:27: error: ‘vector’ was not declared in this scope
   26 | bool issame(vector<int> a,vector<int>b){
      |                           ^~~~~~
./CPP_6.cpp:26:27: note: ‘std::vector’ is defined in header ‘<vector>’; did you forget to ‘#include <vector>’?
./CPP_6.cpp:26:34: error: expected primary-expression before ‘int’
   26 | bool issame(vector<int> a,vector<int>b){
      |                                  ^~~
./CPP_6.cpp:26:39: error: expression list treated as compound expression in initializer [-fpermissive]
   26 | bool issame(vector<int> a,vector<int>b){
      |                                       ^
In file included from ./CPP_6.cpp:25:
./CPP_6.cpp: In function ‘int main()’:
./CPP_6.cpp:35:20: error: ‘parse_nested_parens’ was not declared in this scope
   35 |     assert (issame(parse_nested_parens("(()()) ((())) () ((())()())"),{2, 3, 1, 3}));
      |                    ^~~~~~~~~~~~~~~~~~~
./CPP_6.cpp:35:83: error: ‘issame’ cannot be used as a function
   35 |     assert (issame(parse_nested_parens("(()()) ((())) () ((())()())"),{2, 3, 1, 3}));
      |                                                                                   ^
./CPP_6.cpp:36:82: error: ‘issame’ cannot be used as a function
   36 |      assert (issame(parse_nested_parens("() (()) ((())) (((())))") , {1, 2, 3, 4}));
      |                                                                                  ^
./CPP_6.cpp:37:62: error: ‘issame’ cannot be used as a function
   37 |     assert (issame(parse_nested_parens("(()(())((())))") ,{4}));
      |                                                              ^


CPP_71.cpp: Compilation Failed
Error: ./CPP_71.cpp: In function ‘float triangle_area(float, float, float)’:
./CPP_71.cpp:3:10: error: ‘sqrt’ was not declared in this scope
    3 |   return sqrt(s * (s - a) * (s - b) * (s - c));
      |          ^~~~
In file included from ./CPP_71.cpp:7:
./CPP_71.cpp: In function ‘int main()’:
./CPP_71.cpp:9:13: error: ‘abs’ was not declared in this scope
    9 |     assert (abs(triangle_area(3, 4, 5)-6.00)<0.01);
      |             ^~~


CPP_99.cpp: Compilation Failed
Error: ./CPP_99.cpp:1:22: error: stray ‘@’ in program
    1 | define dso_local i32 @_Z15closest_integerNSt7__cxx1112basic_stringIcSt11char_traitsIcESaIcEEE(%"class.std::__cxx11::basic_string"* nocapture readonly %0) local_unnamed_addr #0 personality i32 (...)* @__gxx_personality_v0 {
      |                      ^
./CPP_99.cpp:1:174: error: stray ‘#’ in program
    1 | define dso_local i32 @_Z15closest_integerNSt7__cxx1112basic_stringIcSt11char_traitsIcESaIcEEE(%"class.std::__cxx11::basic_string"* nocapture readonly %0) local_unnamed_addr #0 personality i32 (...)* @__gxx_personality_v0 {
      |                                                                                                                                                                              ^
./CPP_99.cpp:1:200: error: stray ‘@’ in program
    1 | define dso_local i32 @_Z15closest_integerNSt7__cxx1112basic_stringIcSt11char_traitsIcESaIcEEE(%"class.std::__cxx11::basic_string"* nocapture readonly %0) local_unnamed_addr #0 personality i32 (...)* @__gxx_personality_v0 {
      |                                                                                                                                                                                                        ^
./CPP_99.cpp:4:25: error: stray ‘@’ in program
    4 |   %4 = tail call double @strtod(i8* nocapture nonnull %3, i8** null) #3
      |                         ^
./CPP_99.cpp:4:70: error: stray ‘#’ in program
    4 |   %4 = tail call double @strtod(i8* nocapture nonnull %3, i8** null) #3
      |                                                                      ^
./CPP_99.cpp:5:25: error: stray ‘@’ in program
    5 |   %5 = tail call double @llvm.round.f64(double %4)
      |                         ^
./CPP_99.cpp:1:1: error: ‘define’ does not name a type
    1 | define dso_local i32 @_Z15closest_integerNSt7__cxx1112basic_stringIcSt11char_traitsIcESaIcEEE(%"class.std::__cxx11::basic_string"* nocapture readonly %0) local_unnamed_addr #0 personality i32 (...)* @__gxx_personality_v0 {
      | ^~~~~~
In file included from ./CPP_99.cpp:11:
./CPP_99.cpp: In function ‘int main()’:
./CPP_99.cpp:13:13: error: ‘closest_integer’ was not declared in this scope
   13 |     assert (closest_integer("10") == 10);
      |             ^~~~~~~~~~~~~~~


CPP_82.cpp: Compilation Failed
Error: ./CPP_82.cpp:27:5: error: redefinition of ‘int main()’
   27 | int main(){
      |     ^~~~
./CPP_82.cpp:15:5: note: ‘int main()’ previously defined here
   15 | int main() {
      |     ^~~~


CPP_39.cpp: Execution Failed
Error: CPP_39: ./CPP_39.cpp:27: int main(): Assertion `prime_fib(1) == 2' failed.
Aborted (core dumped)


CPP_56.cpp: Execution Failed
Error: CPP_56: ./CPP_56.cpp:28: int main(): Assertion `not (correct_bracketing("<<<><>>>>"))' failed.
Aborted (core dumped)


CPP_11.cpp: Compilation Failed
Error: In file included from ./CPP_11.cpp:16:
./CPP_11.cpp: In function ‘int main()’:
./CPP_11.cpp:18:13: error: ‘string_xor’ was not declared in this scope
   18 |     assert (string_xor("111000", "101010") == "010010");
      |             ^~~~~~~~~~


CPP_146.cpp: Compilation Failed
Error: In file included from ./CPP_146.cpp:3:
./CPP_146.cpp: In function ‘int main()’:
./CPP_146.cpp:5:13: error: ‘specialFilter’ was not declared in this scope
    5 |     assert (specialFilter({5, -2, 1, -5}) == 0  );
      |             ^~~~~~~~~~~~~


CPP_59.cpp: Execution Failed
Error: CPP_59: ./CPP_59.cpp:27: int main(): Assertion `largest_prime_factor(15) == 5' failed.
Aborted (core dumped)


CPP_77.cpp: Compilation Failed
Error: ./CPP_77.cpp: In function ‘bool iscuber(int)’:
./CPP_77.cpp:2:11: error: ‘abs’ was not declared in this scope
    2 |   int y = abs(x);
      |           ^~~


CPP_0.cpp: Compilation Failed
Error: ./CPP_0.cpp: In function ‘int main()’:
./CPP_0.cpp:18:5: error: ‘vector’ was not declared in this scope; did you mean ‘std::vector’?
   18 |     vector<float> a={1.0, 2.0, 3.9, 4.0, 5.0, 2.2};
      |     ^~~~~~
      |     std::vector
In file included from /usr/include/c++/9/vector:67,
                 from ./CPP_0.cpp:1:
/usr/include/c++/9/bits/stl_vector.h:386:11: note: ‘std::vector’ declared here
  386 |     class vector : protected _Vector_base<_Tp, _Alloc>
      |           ^~~~~~
./CPP_0.cpp:18:12: error: expected primary-expression before ‘float’
   18 |     vector<float> a={1.0, 2.0, 3.9, 4.0, 5.0, 2.2};
      |            ^~~~~
In file included from ./CPP_0.cpp:16:
./CPP_0.cpp:19:32: error: ‘a’ was not declared in this scope
   19 |     assert (has_close_elements(a, 0.3)==true);
      |                                ^


CPP_90.cpp: Compilation Failed
Error: In file included from ./CPP_90.cpp:3:
./CPP_90.cpp: In function ‘int main()’:
./CPP_90.cpp:5:13: error: ‘next_smallest’ was not declared in this scope
    5 |     assert (next_smallest({1, 2, 3, 4, 5}) == 2);
      |             ^~~~~~~~~~~~~


CPP_141.cpp: Compilation Failed
Error: In file included from ./CPP_141.cpp:23:
./CPP_141.cpp: In function ‘int main()’:
./CPP_141.cpp:25:47: error: ISO C++ forbids comparison between pointer and integer [-fpermissive]
   25 |     assert (file_name_check("example.txt") == "Yes");
      |                                               ^~~~~
./CPP_141.cpp:26:48: error: ISO C++ forbids comparison between pointer and integer [-fpermissive]
   26 |     assert (file_name_check("1example.dll") == "No");
      |                                                ^~~~
./CPP_141.cpp:27:46: error: ISO C++ forbids comparison between pointer and integer [-fpermissive]
   27 |     assert (file_name_check("s1sdf3.asd") == "No");
      |                                              ^~~~
./CPP_141.cpp:28:41: error: ISO C++ forbids comparison between pointer and integer [-fpermissive]
   28 |     assert (file_name_check("K.dll") == "Yes");
      |                                         ^~~~~
./CPP_141.cpp:29:49: error: ISO C++ forbids comparison between pointer and integer [-fpermissive]
   29 |     assert (file_name_check("MY16FILE3.exe") == "Yes");
      |                                                 ^~~~~
./CPP_141.cpp:30:51: error: ISO C++ forbids comparison between pointer and integer [-fpermissive]
   30 |     assert (file_name_check("His12FILE94.exe") == "No");
      |                                                   ^~~~
./CPP_141.cpp:31:42: error: ISO C++ forbids comparison between pointer and integer [-fpermissive]
   31 |     assert (file_name_check("_Y.txt") == "No");
      |                                          ^~~~
./CPP_141.cpp:32:46: error: ISO C++ forbids comparison between pointer and integer [-fpermissive]
   32 |     assert (file_name_check("?aREYA.exe") == "No");
      |                                              ^~~~
./CPP_141.cpp:33:54: error: ISO C++ forbids comparison between pointer and integer [-fpermissive]
   33 |     assert (file_name_check("/this_is_valid.dll") == "No");
      |                                                      ^~~~
./CPP_141.cpp:34:53: error: ISO C++ forbids comparison between pointer and integer [-fpermissive]
   34 |     assert (file_name_check("this_is_valid.wow") == "No");
      |                                                     ^~~~
./CPP_141.cpp:35:53: error: ISO C++ forbids comparison between pointer and integer [-fpermissive]
   35 |     assert (file_name_check("this_is_valid.txt") == "Yes");
      |                                                     ^~~~~
./CPP_141.cpp:36:56: error: ISO C++ forbids comparison between pointer and integer [-fpermissive]
   36 |     assert (file_name_check("this_is_valid.txtexe") == "No");
      |                                                        ^~~~
./CPP_141.cpp:37:57: error: ISO C++ forbids comparison between pointer and integer [-fpermissive]
   37 |     assert (file_name_check("#this2_i4s_5valid.ten") == "No");
      |                                                         ^~~~
./CPP_141.cpp:38:56: error: ISO C++ forbids comparison between pointer and integer [-fpermissive]
   38 |     assert (file_name_check("@this1_is6_valid.exe") == "No");
      |                                                        ^~~~
./CPP_141.cpp:39:61: error: ISO C++ forbids comparison between pointer and integer [-fpermissive]
   39 |     assert (file_name_check("this_is_12valid.6exe4.txt") == "No");
      |                                                             ^~~~
./CPP_141.cpp:40:47: error: ISO C++ forbids comparison between pointer and integer [-fpermissive]
   40 |     assert (file_name_check("all.exe.txt") == "No");
      |                                               ^~~~
./CPP_141.cpp:41:47: error: ISO C++ forbids comparison between pointer and integer [-fpermissive]
   41 |     assert (file_name_check("I563_No.exe") == "Yes");
      |                                               ^~~~~
./CPP_141.cpp:42:51: error: ISO C++ forbids comparison between pointer and integer [-fpermissive]
   42 |     assert (file_name_check("Is3youfault.txt") == "Yes");
      |                                                   ^~~~~
./CPP_141.cpp:43:52: error: ISO C++ forbids comparison between pointer and integer [-fpermissive]
   43 |     assert (file_name_check("no_one#knows.dll") == "Yes");
      |                                                    ^~~~~
./CPP_141.cpp:44:50: error: ISO C++ forbids comparison between pointer and integer [-fpermissive]
   44 |     assert (file_name_check("1I563_Yes3.exe") == "No");
      |                                                  ^~~~
./CPP_141.cpp:45:50: error: ISO C++ forbids comparison between pointer and integer [-fpermissive]
   45 |     assert (file_name_check("I563_Yes3.txtt") == "No");
      |                                                  ^~~~
./CPP_141.cpp:46:46: error: ISO C++ forbids comparison between pointer and integer [-fpermissive]
   46 |     assert (file_name_check("final..txt") == "No");
      |                                              ^~~~
./CPP_141.cpp:47:44: error: ISO C++ forbids comparison between pointer and integer [-fpermissive]
   47 |     assert (file_name_check("final132") == "No");
      |                                            ^~~~
./CPP_141.cpp:48:52: error: ISO C++ forbids comparison between pointer and integer [-fpermissive]
   48 |     assert (file_name_check("_f4indsartal132.") == "No");
      |                                                    ^~~~
./CPP_141.cpp:49:40: error: ISO C++ forbids comparison between pointer and integer [-fpermissive]
   49 |     assert (file_name_check(".txt") == "No");
      |                                        ^~~~
./CPP_141.cpp:50:38: error: ISO C++ forbids comparison between pointer and integer [-fpermissive]
   50 |     assert (file_name_check("s.") == "No");
      |                                      ^~~~


CPP_127.cpp: Execution Failed
Error: CPP_127: ./CPP_127.cpp:36: int main(): Assertion `intersection({1, 2}, {2, 3}) == "NO"' failed.
Aborted (core dumped)


CPP_122.cpp: Compilation Failed
Error: ./CPP_122.cpp:1:18: error: ‘vector’ was not declared in this scope
    1 | int add_elements(vector<int> &v, int n) {
      |                  ^~~~~~
./CPP_122.cpp:1:25: error: expected primary-expression before ‘int’
    1 | int add_elements(vector<int> &v, int n) {
      |                         ^~~
./CPP_122.cpp:1:34: error: expected primary-expression before ‘int’
    1 | int add_elements(vector<int> &v, int n) {
      |                                  ^~~
./CPP_122.cpp:1:39: error: expression list treated as compound expression in initializer [-fpermissive]
    1 | int add_elements(vector<int> &v, int n) {
      |                                       ^
In file included from ./CPP_122.cpp:10:
./CPP_122.cpp: In function ‘int main()’:
./CPP_122.cpp:12:56: error: ‘add_elements’ cannot be used as a function
   12 |     assert (add_elements({1,-2,-3,41,57,76,87,88,99}, 3) == -4);
      |                                                        ^
./CPP_122.cpp:13:49: error: ‘add_elements’ cannot be used as a function
   13 |     assert (add_elements({111,121,3,4000,5,6}, 2) == 0);
      |                                                 ^
./CPP_122.cpp:14:51: error: ‘add_elements’ cannot be used as a function
   14 |     assert (add_elements({11,21,3,90,5,6,7,8,9}, 4) == 125);
      |                                                   ^
./CPP_122.cpp:15:54: error: ‘add_elements’ cannot be used as a function
   15 |     assert (add_elements({111,21,3,4000,5,6,7,8,9}, 4) == 24);
      |                                                      ^
./CPP_122.cpp:16:32: error: ‘add_elements’ cannot be used as a function
   16 |     assert (add_elements({1}, 1) == 1);
      |                                ^


CPP_7.cpp: Compilation Failed
Error: ./CPP_7.cpp:4:13: error: ‘vector’ was not declared in this scope
    4 | bool issame(vector<string> a,vector<string>b){
      |             ^~~~~~
./CPP_7.cpp:4:20: error: ‘string’ was not declared in this scope
    4 | bool issame(vector<string> a,vector<string>b){
      |                    ^~~~~~
./CPP_7.cpp:4:28: error: ‘a’ was not declared in this scope
    4 | bool issame(vector<string> a,vector<string>b){
      |                            ^
./CPP_7.cpp:4:30: error: ‘vector’ was not declared in this scope
    4 | bool issame(vector<string> a,vector<string>b){
      |                              ^~~~~~
./CPP_7.cpp:4:37: error: ‘string’ was not declared in this scope
    4 | bool issame(vector<string> a,vector<string>b){
      |                                     ^~~~~~
./CPP_7.cpp:4:44: error: ‘b’ was not declared in this scope
    4 | bool issame(vector<string> a,vector<string>b){
      |                                            ^
./CPP_7.cpp:4:45: error: expression list treated as compound expression in initializer [-fpermissive]
    4 | bool issame(vector<string> a,vector<string>b){
      |                                             ^
In file included from ./CPP_7.cpp:3:
./CPP_7.cpp: In function ‘int main()’:
./CPP_7.cpp:13:20: error: ‘filter_by_substring’ was not declared in this scope
   13 |     assert (issame(filter_by_substring({}, "john"),{}));
      |                    ^~~~~~~~~~~~~~~~~~~
./CPP_7.cpp:13:54: error: ‘issame’ cannot be used as a function
   13 |     assert (issame(filter_by_substring({}, "john"),{}));
      |                                                      ^
./CPP_7.cpp:14:125: error: ‘issame’ cannot be used as a function
   14 |      assert (issame(filter_by_substring({"xxx", "asd", "xxy", "john doe", "xxxAAA", "xxx"}, "xxx"), {"xxx", "xxxAAA", "xxx"}));
      |                                                                                                                             ^
./CPP_7.cpp:15:135: error: ‘issame’ cannot be used as a function
   15 |     assert (issame(filter_by_substring({"xxx", "asd", "aaaxxy", "john doe", "xxxAAA", "xxx"}, "xx"),{"xxx", "aaaxxy", "xxxAAA", "xxx"}));
      |                                                                                                                                       ^
./CPP_7.cpp:16:110: error: ‘issame’ cannot be used as a function
   16 |      assert (issame(filter_by_substring({"grunt", "trumpet", "prune", "gruesome"}, "run") ,{"grunt", "prune"}));
      |                                                                                                              ^


CPP_49.cpp: Compilation Failed
Error: In file included from ./CPP_49.cpp:19:
./CPP_49.cpp: In function ‘int main()’:
./CPP_49.cpp:21:13: error: ‘modp’ was not declared in this scope; did you mean ‘mod’?
   21 |     assert (modp(3, 5) == 3);
      |             ^~~~


CPP_40.cpp: Execution Failed
Error: CPP_40: ./CPP_40.cpp:16: int main(): Assertion `triples_sum_to_zero({1, 3, -2, 1}) == true' failed.
Aborted (core dumped)


CPP_130.cpp: Compilation Failed
Error: ./CPP_130.cpp: In function ‘int main()’:
./CPP_130.cpp:161:5: error: reference to ‘vector’ is ambiguous
  161 |     vector v;
      |     ^~~~~~
In file included from /usr/include/c++/9/vector:67,
                 from ./CPP_130.cpp:2:
/usr/include/c++/9/bits/stl_vector.h:386:11: note: candidates are: ‘template<class _Tp, class _Alloc> class std::vector’
  386 |     class vector : protected _Vector_base<_Tp, _Alloc>
      |           ^~~~~~
./CPP_130.cpp:6:7: note:                 ‘class vector’
    6 | class vector {
      |       ^~~~~~
./CPP_130.cpp:162:5: error: ‘v’ was not declared in this scope
  162 |     v.push_back(1);
      |     ^
./CPP_130.cpp:172:5: error: reference to ‘vector’ is ambiguous
  172 |     vector v2;
      |     ^~~~~~
In file included from /usr/include/c++/9/vector:67,
                 from ./CPP_130.cpp:2:
/usr/include/c++/9/bits/stl_vector.h:386:11: note: candidates are: ‘template<class _Tp, class _Alloc> class std::vector’
  386 |     class vector : protected _Vector_base<_Tp, _Alloc>
      |           ^~~~~~
./CPP_130.cpp:6:7: note:                 ‘class vector’
    6 | class vector {
      |       ^~~~~~
./CPP_130.cpp:173:5: error: ‘v2’ was not declared in this scope
  173 |     v2.push_back(6);
      |     ^~
./CPP_130.cpp: At global scope:
./CPP_130.cpp:184:13: error: reference to ‘vector’ is ambiguous
  184 | bool issame(vector<int> a,vector<int>b){
      |             ^~~~~~
In file included from /usr/include/c++/9/vector:67,
                 from ./CPP_130.cpp:2:
/usr/include/c++/9/bits/stl_vector.h:386:11: note: candidates are: ‘template<class _Tp, class _Alloc> class std::vector’
  386 |     class vector : protected _Vector_base<_Tp, _Alloc>
      |           ^~~~~~
./CPP_130.cpp:6:7: note:                 ‘class vector’
    6 | class vector {
      |       ^~~~~~
./CPP_130.cpp:184:20: error: expected primary-expression before ‘int’
  184 | bool issame(vector<int> a,vector<int>b){
      |                    ^~~
./CPP_130.cpp:184:27: error: reference to ‘vector’ is ambiguous
  184 | bool issame(vector<int> a,vector<int>b){
      |                           ^~~~~~
In file included from /usr/include/c++/9/vector:67,
                 from ./CPP_130.cpp:2:
/usr/include/c++/9/bits/stl_vector.h:386:11: note: candidates are: ‘template<class _Tp, class _Alloc> class std::vector’
  386 |     class vector : protected _Vector_base<_Tp, _Alloc>
      |           ^~~~~~
./CPP_130.cpp:6:7: note:                 ‘class vector’
    6 | class vector {
      |       ^~~~~~
./CPP_130.cpp:184:34: error: expected primary-expression before ‘int’
  184 | bool issame(vector<int> a,vector<int>b){
      |                                  ^~~
./CPP_130.cpp:184:39: error: expression list treated as compound expression in initializer [-fpermissive]
  184 | bool issame(vector<int> a,vector<int>b){
      |                                       ^
./CPP_130.cpp:192:5: error: redefinition of ‘int main()’
  192 | int main(){
      |     ^~~~
./CPP_130.cpp:160:5: note: ‘int main()’ previously defined here
  160 | int main() {
      |     ^~~~
In file included from ./CPP_130.cpp:183:
./CPP_130.cpp: In function ‘int main()’:
./CPP_130.cpp:193:20: error: ‘tri’ was not declared in this scope
  193 |     assert (issame(tri(3) , {1, 3, 2, 8}));
      |                    ^~~
./CPP_130.cpp:193:41: error: ‘issame’ cannot be used as a function
  193 |     assert (issame(tri(3) , {1, 3, 2, 8}));
      |                                         ^
./CPP_130.cpp:194:44: error: ‘issame’ cannot be used as a function
  194 |     assert (issame(tri(4) , {1, 3, 2, 8, 3}));
      |                                            ^
./CPP_130.cpp:195:48: error: ‘issame’ cannot be used as a function
  195 |     assert (issame(tri(5) , {1, 3, 2, 8, 3, 15}));
      |                                                ^
./CPP_130.cpp:196:51: error: ‘issame’ cannot be used as a function
  196 |     assert (issame(tri(6) , {1, 3, 2, 8, 3, 15, 4}));
      |                                                   ^
./CPP_130.cpp:197:55: error: ‘issame’ cannot be used as a function
  197 |     assert (issame(tri(7) , {1, 3, 2, 8, 3, 15, 4, 24}));
      |                                                       ^
./CPP_130.cpp:198:58: error: ‘issame’ cannot be used as a function
  198 |     assert (issame(tri(8) , {1, 3, 2, 8, 3, 15, 4, 24, 5}));
      |                                                          ^
./CPP_130.cpp:199:62: error: ‘issame’ cannot be used as a function
  199 |     assert (issame(tri(9) , {1, 3, 2, 8, 3, 15, 4, 24, 5, 35}));
      |                                                              ^
./CPP_130.cpp:200:104: error: ‘issame’ cannot be used as a function
  200 |     assert (issame(tri(20) , {1, 3, 2, 8, 3, 15, 4, 24, 5, 35, 6, 48, 7, 63, 8, 80, 9, 99, 10, 120, 11}));
      |                                                                                                        ^
./CPP_130.cpp:201:32: error: ‘issame’ cannot be used as a function
  201 |     assert (issame(tri(0) , {1}));
      |                                ^
./CPP_130.cpp:202:35: error: ‘issame’ cannot be used as a function
  202 |     assert (issame(tri(1) , {1, 3}));
      |                                   ^


CPP_155.cpp: Compilation Failed
Error: ./CPP_155.cpp:20:13: error: ‘vector’ was not declared in this scope
   20 | bool issame(vector<int> a,vector<int>b){
      |             ^~~~~~
./CPP_155.cpp:20:20: error: expected primary-expression before ‘int’
   20 | bool issame(vector<int> a,vector<int>b){
      |                    ^~~
./CPP_155.cpp:20:27: error: ‘vector’ was not declared in this scope
   20 | bool issame(vector<int> a,vector<int>b){
      |                           ^~~~~~
./CPP_155.cpp:20:34: error: expected primary-expression before ‘int’
   20 | bool issame(vector<int> a,vector<int>b){
      |                                  ^~~
./CPP_155.cpp:20:39: error: expression list treated as compound expression in initializer [-fpermissive]
   20 | bool issame(vector<int> a,vector<int>b){
      |                                       ^
In file included from ./CPP_155.cpp:19:
./CPP_155.cpp: In function ‘int main()’:
./CPP_155.cpp:29:20: error: ‘even_odd_count’ was not declared in this scope
   29 |     assert (issame(even_odd_count(7) , {0, 1}));
      |                    ^~~~~~~~~~~~~~
./CPP_155.cpp:29:46: error: ‘issame’ cannot be used as a function
   29 |     assert (issame(even_odd_count(7) , {0, 1}));
      |                                              ^
./CPP_155.cpp:30:48: error: ‘issame’ cannot be used as a function
   30 |     assert (issame(even_odd_count(-78) , {1, 1}));
      |                                                ^
./CPP_155.cpp:31:49: error: ‘issame’ cannot be used as a function
   31 |     assert (issame(even_odd_count(3452) , {2, 2}));
      |                                                 ^
./CPP_155.cpp:32:51: error: ‘issame’ cannot be used as a function
   32 |     assert (issame(even_odd_count(346211) , {3, 3}));
      |                                                   ^
./CPP_155.cpp:33:52: error: ‘issame’ cannot be used as a function
   33 |     assert (issame(even_odd_count(-345821) , {3, 3}));
      |                                                    ^
./CPP_155.cpp:34:47: error: ‘issame’ cannot be used as a function
   34 |     assert (issame(even_odd_count(-2) , {1, 0}));
      |                                               ^
./CPP_155.cpp:35:51: error: ‘issame’ cannot be used as a function
   35 |     assert (issame(even_odd_count(-45347) , {2, 3}));
      |                                                   ^
./CPP_155.cpp:36:46: error: ‘issame’ cannot be used as a function
   36 |     assert (issame(even_odd_count(0) , {1, 0}));
      |                                              ^


CPP_3.cpp: Compilation Failed
Error: In file included from ./CPP_3.cpp:13:
./CPP_3.cpp: In function ‘int main()’:
./CPP_3.cpp:15:26: error: cannot bind non-const lvalue reference of type ‘std::vector<int>&’ to an rvalue of type ‘std::vector<int>’
   15 |     assert (below_zero({}) == false);
      |                          ^
In file included from /usr/include/c++/9/vector:67,
                 from ./CPP_3.cpp:1:
/usr/include/c++/9/bits/stl_vector.h:484:7: note:   after user-defined conversion: ‘std::vector<_Tp, _Alloc>::vector() [with _Tp = int; _Alloc = std::allocator<int>]’
  484 |       vector() = default;
      |       ^~~~~~
./CPP_3.cpp:3:35: note:   initializing argument 1 of ‘bool below_zero(std::vector<int>&)’
    3 | bool below_zero(std::vector<int> &v) {
      |                 ~~~~~~~~~~~~~~~~~~^
In file included from ./CPP_3.cpp:13:
./CPP_3.cpp:16:44: error: cannot bind non-const lvalue reference of type ‘std::vector<int>&’ to an rvalue of type ‘std::vector<int>’
   16 |     assert (below_zero({1, 2, -3, 1, 2, -3}) == false);
      |                                            ^
In file included from /usr/include/c++/9/vector:67,
                 from ./CPP_3.cpp:1:
/usr/include/c++/9/bits/stl_vector.h:622:7: note:   after user-defined conversion: ‘std::vector<_Tp, _Alloc>::vector(std::initializer_list<_Tp>, const allocator_type&) [with _Tp = int; _Alloc = std::allocator<int>; std::vector<_Tp, _Alloc>::allocator_type = std::allocator<int>]’
  622 |       vector(initializer_list<value_type> __l,
      |       ^~~~~~
./CPP_3.cpp:3:35: note:   initializing argument 1 of ‘bool below_zero(std::vector<int>&)’
    3 | bool below_zero(std::vector<int> &v) {
      |                 ~~~~~~~~~~~~~~~~~~^
In file included from ./CPP_3.cpp:13:
./CPP_3.cpp:17:40: error: cannot bind non-const lvalue reference of type ‘std::vector<int>&’ to an rvalue of type ‘std::vector<int>’
   17 |     assert (below_zero({1, 2, -4, 5, 6}) == true);
      |                                        ^
In file included from /usr/include/c++/9/vector:67,
                 from ./CPP_3.cpp:1:
/usr/include/c++/9/bits/stl_vector.h:622:7: note:   after user-defined conversion: ‘std::vector<_Tp, _Alloc>::vector(std::initializer_list<_Tp>, const allocator_type&) [with _Tp = int; _Alloc = std::allocator<int>; std::vector<_Tp, _Alloc>::allocator_type = std::allocator<int>]’
  622 |       vector(initializer_list<value_type> __l,
      |       ^~~~~~
./CPP_3.cpp:3:35: note:   initializing argument 1 of ‘bool below_zero(std::vector<int>&)’
    3 | bool below_zero(std::vector<int> &v) {
      |                 ~~~~~~~~~~~~~~~~~~^
In file included from ./CPP_3.cpp:13:
./CPP_3.cpp:18:52: error: cannot bind non-const lvalue reference of type ‘std::vector<int>&’ to an rvalue of type ‘std::vector<int>’
   18 |     assert (below_zero({1, -1, 2, -2, 5, -5, 4, -4}) == false);
      |                                                    ^
In file included from /usr/include/c++/9/vector:67,
                 from ./CPP_3.cpp:1:
/usr/include/c++/9/bits/stl_vector.h:622:7: note:   after user-defined conversion: ‘std::vector<_Tp, _Alloc>::vector(std::initializer_list<_Tp>, const allocator_type&) [with _Tp = int; _Alloc = std::allocator<int>; std::vector<_Tp, _Alloc>::allocator_type = std::allocator<int>]’
  622 |       vector(initializer_list<value_type> __l,
      |       ^~~~~~
./CPP_3.cpp:3:35: note:   initializing argument 1 of ‘bool below_zero(std::vector<int>&)’
    3 | bool below_zero(std::vector<int> &v) {
      |                 ~~~~~~~~~~~~~~~~~~^
In file included from ./CPP_3.cpp:13:
./CPP_3.cpp:19:52: error: cannot bind non-const lvalue reference of type ‘std::vector<int>&’ to an rvalue of type ‘std::vector<int>’
   19 |     assert (below_zero({1, -1, 2, -2, 5, -5, 4, -5}) == true);
      |                                                    ^
In file included from /usr/include/c++/9/vector:67,
                 from ./CPP_3.cpp:1:
/usr/include/c++/9/bits/stl_vector.h:622:7: note:   after user-defined conversion: ‘std::vector<_Tp, _Alloc>::vector(std::initializer_list<_Tp>, const allocator_type&) [with _Tp = int; _Alloc = std::allocator<int>; std::vector<_Tp, _Alloc>::allocator_type = std::allocator<int>]’
  622 |       vector(initializer_list<value_type> __l,
      |       ^~~~~~
./CPP_3.cpp:3:35: note:   initializing argument 1 of ‘bool below_zero(std::vector<int>&)’
    3 | bool below_zero(std::vector<int> &v) {
      |                 ~~~~~~~~~~~~~~~~~~^
In file included from ./CPP_3.cpp:13:
./CPP_3.cpp:20:52: error: cannot bind non-const lvalue reference of type ‘std::vector<int>&’ to an rvalue of type ‘std::vector<int>’
   20 |     assert (below_zero({1, -2, 2, -2, 5, -5, 4, -4}) == true);
      |                                                    ^
In file included from /usr/include/c++/9/vector:67,
                 from ./CPP_3.cpp:1:
/usr/include/c++/9/bits/stl_vector.h:622:7: note:   after user-defined conversion: ‘std::vector<_Tp, _Alloc>::vector(std::initializer_list<_Tp>, const allocator_type&) [with _Tp = int; _Alloc = std::allocator<int>; std::vector<_Tp, _Alloc>::allocator_type = std::allocator<int>]’
  622 |       vector(initializer_list<value_type> __l,
      |       ^~~~~~
./CPP_3.cpp:3:35: note:   initializing argument 1 of ‘bool below_zero(std::vector<int>&)’
    3 | bool below_zero(std::vector<int> &v) {
      |                 ~~~~~~~~~~~~~~~~~~^


CPP_97.cpp: Compilation Failed
Error: ./CPP_97.cpp:23:5: error: redefinition of ‘int main()’
   23 | int main(){
      |     ^~~~
./CPP_97.cpp:13:5: note: ‘int main()’ previously defined here
   13 | int main() {
      |     ^~~~


CPP_4.cpp: Compilation Failed
Error: ./CPP_4.cpp:1:36: error: ‘vector’ is not a member of ‘std’
    1 | float mean_absolute_deviation(std::vector<float> &input) {
      |                                    ^~~~~~
./CPP_4.cpp:1:1: note: ‘std::vector’ is defined in header ‘<vector>’; did you forget to ‘#include <vector>’?
  +++ |+#include <vector>
    1 | float mean_absolute_deviation(std::vector<float> &input) {
./CPP_4.cpp:1:43: error: expected primary-expression before ‘float’
    1 | float mean_absolute_deviation(std::vector<float> &input) {
      |                                           ^~~~~
In file included from ./CPP_4.cpp:10:
./CPP_4.cpp: In function ‘int main()’:
./CPP_4.cpp:12:56: error: ‘mean_absolute_deviation’ cannot be used as a function
   12 |     assert (abs(mean_absolute_deviation({1.0, 2.0, 3.0}) - 2.0/3.0) < 1e-4);
      |                                                        ^
./CPP_4.cpp:12:13: error: ‘abs’ was not declared in this scope
   12 |     assert (abs(mean_absolute_deviation({1.0, 2.0, 3.0}) - 2.0/3.0) < 1e-4);
      |             ^~~
./CPP_4.cpp:13:61: error: ‘mean_absolute_deviation’ cannot be used as a function
   13 |     assert (abs(mean_absolute_deviation({1.0, 2.0, 3.0, 4.0}) - 1.0) < 1e-4);
      |                                                             ^
./CPP_4.cpp:14:66: error: ‘mean_absolute_deviation’ cannot be used as a function
   14 |     assert (abs(mean_absolute_deviation({1.0, 2.0, 3.0, 4.0, 5.0}) - 6.0/5.0) < 1e-4);
      |                                                                  ^


CPP_60.cpp: Compilation Failed
Error: ./CPP_60.cpp:2:1: error: ‘The’ does not name a type
    2 | The provided IR code is a low-level representation of a C++ function that takes a string as input and returns a boolean value indicating whether the string contains correctly matched brackets. The function uses a loop to iterate through the characters of the input string and maintains a "level" variable to keep track of the current nesting level of brackets. If the level becomes negative at any point, it indicates that there are more closing brackets than opening brackets, and the function returns false. If the level is non-zero at the end of the loop, it means that there are more opening brackets than closing brackets, and the function also returns false. If the level is zero at the end of the loop, it means that the brackets are correctly matched, and the function returns true.
      | ^~~
In file included from ./CPP_60.cpp:7:
./CPP_60.cpp: In function ‘int main()’:
./CPP_60.cpp:9:13: error: ‘sum_to_n’ was not declared in this scope
    9 |     assert (sum_to_n(1) == 1);
      |             ^~~~~~~~
./CPP_60.cpp:9:5: error: ‘__assert_fail’ was not declared in this scope
    9 |     assert (sum_to_n(1) == 1);
      |     ^~~~~~


CPP_76.cpp: Compilation Failed
Error: In file included from ./CPP_76.cpp:17:
./CPP_76.cpp: In function ‘int main()’:
./CPP_76.cpp:19:13: error: ‘is_simple_power’ was not declared in this scope
   19 |     assert (is_simple_power(1, 4)== true);
      |             ^~~~~~~~~~~~~~~


CPP_80.cpp: Execution Failed
Error: CPP_80: ./CPP_80.cpp:24: int main(): Assertion `is_happy("a") == false' failed.
Aborted (core dumped)


CPP_153.cpp: Compilation Failed
Error: In file included from ./CPP_153.cpp:3:
./CPP_153.cpp: In function ‘int main()’:
./CPP_153.cpp:5:13: error: ‘Strongest_Extension’ was not declared in this scope
    5 |     assert (Strongest_Extension("Watashi", {"tEN", "niNE", "eIGHt8OKe"}) == "Watashi.eIGHt8OKe");
      |             ^~~~~~~~~~~~~~~~~~~


CPP_136.cpp: Compilation Failed
Error: ./CPP_136.cpp:4:13: error: ‘vector’ was not declared in this scope
    4 | bool issame(vector<int> a,vector<int>b){
      |             ^~~~~~
./CPP_136.cpp:4:20: error: expected primary-expression before ‘int’
    4 | bool issame(vector<int> a,vector<int>b){
      |                    ^~~
./CPP_136.cpp:4:27: error: ‘vector’ was not declared in this scope
    4 | bool issame(vector<int> a,vector<int>b){
      |                           ^~~~~~
./CPP_136.cpp:4:34: error: expected primary-expression before ‘int’
    4 | bool issame(vector<int> a,vector<int>b){
      |                                  ^~~
./CPP_136.cpp:4:39: error: expression list treated as compound expression in initializer [-fpermissive]
    4 | bool issame(vector<int> a,vector<int>b){
      |                                       ^
In file included from ./CPP_136.cpp:3:
./CPP_136.cpp: In function ‘int main()’:
./CPP_136.cpp:13:20: error: ‘largest_smallest_integers’ was not declared in this scope
   13 |     assert (issame(largest_smallest_integers({2, 4, 1, 3, 5, 7}) , {0, 1}));
      |                    ^~~~~~~~~~~~~~~~~~~~~~~~~
./CPP_136.cpp:13:74: error: ‘issame’ cannot be used as a function
   13 |     assert (issame(largest_smallest_integers({2, 4, 1, 3, 5, 7}) , {0, 1}));
      |                                                                          ^
./CPP_136.cpp:14:77: error: ‘issame’ cannot be used as a function
   14 |     assert (issame(largest_smallest_integers({2, 4, 1, 3, 5, 7, 0}) , {0, 1}));
      |                                                                             ^
./CPP_136.cpp:15:79: error: ‘issame’ cannot be used as a function
   15 |     assert (issame(largest_smallest_integers({1, 3, 2, 4, 5, 6, -2}) , {-2, 1}));
      |                                                                               ^
./CPP_136.cpp:16:79: error: ‘issame’ cannot be used as a function
   16 |     assert (issame(largest_smallest_integers({4, 5, 3, 6, 2, 7, -7}) , {-7, 2}));
      |                                                                               ^
./CPP_136.cpp:17:82: error: ‘issame’ cannot be used as a function
   17 |     assert (issame(largest_smallest_integers({7, 3, 8, 4, 9, 2, 5, -9}) , {-9, 2}));
      |                                                                                  ^
./CPP_136.cpp:18:58: error: ‘issame’ cannot be used as a function
   18 |     assert (issame(largest_smallest_integers({}) , {0, 0}));
      |                                                          ^
./CPP_136.cpp:19:59: error: ‘issame’ cannot be used as a function
   19 |     assert (issame(largest_smallest_integers({0}) , {0, 0}));
      |                                                           ^
./CPP_136.cpp:20:73: error: ‘issame’ cannot be used as a function
   20 |     assert (issame(largest_smallest_integers({-1, -3, -5, -6}) , {-1, 0}));
      |                                                                         ^
./CPP_136.cpp:21:76: error: ‘issame’ cannot be used as a function
   21 |     assert (issame(largest_smallest_integers({-1, -3, -5, -6, 0}) , {-1, 0}));
      |                                                                            ^
./CPP_136.cpp:22:76: error: ‘issame’ cannot be used as a function
   22 |     assert (issame(largest_smallest_integers({-6, -4, -4, -3, 1}) , {-3, 1}));
      |                                                                            ^
./CPP_136.cpp:23:82: error: ‘issame’ cannot be used as a function
   23 |     assert (issame(largest_smallest_integers({-6, -4, -4, -3, -100, 1}) , {-3, 1}));
      |                                                                                  ^


CPP_27.cpp: Compilation Failed
Error: In file included from ./CPP_27.cpp:3:
./CPP_27.cpp: In function ‘int main()’:
./CPP_27.cpp:5:13: error: ‘filp_case’ was not declared in this scope
    5 |     assert (filp_case("") == "");
      |             ^~~~~~~~~


CPP_72.cpp: Execution Failed
Error: CPP_72: ./CPP_72.cpp:57: int main(): Assertion `will_it_fly({3, 2, 3}, 9)==true' failed.
Aborted (core dumped)


CPP_24.cpp: Execution Failed
Error: CPP_24: ./CPP_24.cpp:22: int main(): Assertion `largest_divisor(10) == 5' failed.
Aborted (core dumped)


CPP_92.cpp: Compilation Failed
Error: ./CPP_92.cpp: In function ‘bool any_int(float, float, float)’:
./CPP_92.cpp:2:7: error: ‘llvm_round_f32’ was not declared in this scope
    2 |   a = llvm_round_f32(a);
      |       ^~~~~~~~~~~~~~


CPP_43.cpp: Compilation Failed
Error: ./CPP_43.cpp:1:24: error: ‘vector’ was not declared in this scope
    1 | bool pairs_sum_to_zero(vector<int> nums) {
      |                        ^~~~~~
./CPP_43.cpp:1:31: error: expected primary-expression before ‘int’
    1 | bool pairs_sum_to_zero(vector<int> nums) {
      |                               ^~~
In file included from ./CPP_43.cpp:13:
./CPP_43.cpp: In function ‘int main()’:
./CPP_43.cpp:15:43: error: ‘pairs_sum_to_zero’ cannot be used as a function
   15 |     assert (pairs_sum_to_zero({1, 3, 5, 0}) == false);
      |                                           ^
./CPP_43.cpp:16:44: error: ‘pairs_sum_to_zero’ cannot be used as a function
   16 |     assert (pairs_sum_to_zero({1, 3, -2, 1}) == false);
      |                                            ^
./CPP_43.cpp:17:43: error: ‘pairs_sum_to_zero’ cannot be used as a function
   17 |     assert (pairs_sum_to_zero({1, 2, 3, 7}) == false);
      |                                           ^
./CPP_43.cpp:18:50: error: ‘pairs_sum_to_zero’ cannot be used as a function
   18 |     assert (pairs_sum_to_zero({2, 4, -5, 3, 5, 7}) == true);
      |                                                  ^
./CPP_43.cpp:19:34: error: ‘pairs_sum_to_zero’ cannot be used as a function
   19 |     assert (pairs_sum_to_zero({1}) == false);
      |                                  ^
./CPP_43.cpp:20:52: error: ‘pairs_sum_to_zero’ cannot be used as a function
   20 |     assert (pairs_sum_to_zero({-3, 9, -1, 3, 2, 30}) == true);
      |                                                    ^
./CPP_43.cpp:21:52: error: ‘pairs_sum_to_zero’ cannot be used as a function
   21 |     assert (pairs_sum_to_zero({-3, 9, -1, 3, 2, 31}) == true);
      |                                                    ^
./CPP_43.cpp:22:52: error: ‘pairs_sum_to_zero’ cannot be used as a function
   22 |     assert (pairs_sum_to_zero({-3, 9, -1, 4, 2, 30}) == false);
      |                                                    ^
./CPP_43.cpp:23:52: error: ‘pairs_sum_to_zero’ cannot be used as a function
   23 |     assert (pairs_sum_to_zero({-3, 9, -1, 4, 2, 31}) == false);
      |                                                    ^


CPP_51.cpp: Compilation Failed
Error: In file included from ./CPP_51.cpp:24:
./CPP_51.cpp: In function ‘int main()’:
./CPP_51.cpp:26:13: error: ‘remove_vowels’ was not declared in this scope
   26 |     assert (remove_vowels("") == "");
      |             ^~~~~~~~~~~~~


CPP_53.cpp: Compilation Failed
Error: ./CPP_53.cpp:1:22: error: stray ‘@’ in program
    1 | define dso_local i32 @_Z3addii(i32 %0, i32 %1) local_unnamed_addr #0 {
      |                      ^
./CPP_53.cpp:1:67: error: stray ‘#’ in program
    1 | define dso_local i32 @_Z3addii(i32 %0, i32 %1) local_unnamed_addr #0 {
      |                                                                   ^
./CPP_53.cpp:1:1: error: ‘define’ does not name a type
    1 | define dso_local i32 @_Z3addii(i32 %0, i32 %1) local_unnamed_addr #0 {
      | ^~~~~~
In file included from ./CPP_53.cpp:7:
./CPP_53.cpp: In function ‘int main()’:
./CPP_53.cpp:9:13: error: ‘add’ was not declared in this scope
    9 |     assert (add(0, 1) == 1);
      |             ^~~
./CPP_53.cpp:16:15: error: ‘rand’ was not declared in this scope
   16 |         int x=rand()%1000;
      |               ^~~~


CPP_126.cpp: Compilation Failed
Error: In file included from ./CPP_126.cpp:3:
./CPP_126.cpp: In function ‘int main()’:
./CPP_126.cpp:5:13: error: ‘is_sorted’ was not declared in this scope
    5 |     assert (is_sorted({5}) == true);
      |             ^~~~~~~~~


CPP_52.cpp: Compilation Failed
Error: ./CPP_52.cpp:1:22: error: ‘vector’ was not declared in this scope
    1 | bool below_threshold(vector<int> &v, int threshold) {
      |                      ^~~~~~
./CPP_52.cpp:1:29: error: expected primary-expression before ‘int’
    1 | bool below_threshold(vector<int> &v, int threshold) {
      |                             ^~~
./CPP_52.cpp:1:38: error: expected primary-expression before ‘int’
    1 | bool below_threshold(vector<int> &v, int threshold) {
      |                                      ^~~
./CPP_52.cpp:1:51: error: expression list treated as compound expression in initializer [-fpermissive]
    1 | bool below_threshold(vector<int> &v, int threshold) {
      |                                                   ^
In file included from ./CPP_52.cpp:13:
./CPP_52.cpp: In function ‘int main()’:
./CPP_52.cpp:15:47: error: ‘below_threshold’ cannot be used as a function
   15 |     assert (below_threshold({1, 2, 4, 10}, 100));
      |                                               ^
./CPP_52.cpp:16:50: error: ‘below_threshold’ cannot be used as a function
   16 |     assert (not(below_threshold({1, 20, 4, 10}, 5)));
      |                                                  ^
./CPP_52.cpp:17:47: error: ‘below_threshold’ cannot be used as a function
   17 |     assert (below_threshold({1, 20, 4, 10}, 21));
      |                                               ^
./CPP_52.cpp:18:47: error: ‘below_threshold’ cannot be used as a function
   18 |     assert (below_threshold({1, 20, 4, 10}, 22));
      |                                               ^
./CPP_52.cpp:19:46: error: ‘below_threshold’ cannot be used as a function
   19 |     assert (below_threshold({1, 8, 4, 10}, 11));
      |                                              ^
./CPP_52.cpp:20:50: error: ‘below_threshold’ cannot be used as a function
   20 |     assert (not(below_threshold({1, 8, 4, 10}, 10)));
      |                                                  ^


CPP_2.cpp: Compilation Failed
Error: ./CPP_2.cpp:2:74: error: stray ‘`’ in program
    2 | The provided IR code is a LLVM IR representation of a C++ function named `_Z15truncate_numberf` that takes a single `float` argument and returns a `float`. The function appears to be a simple implementation of a truncation operation, where the input float is converted to an integer and then back to a float, resulting in the truncated value.
      |                                                                          ^
./CPP_2.cpp:2:95: error: stray ‘`’ in program
    2 | The provided IR code is a LLVM IR representation of a C++ function named `_Z15truncate_numberf` that takes a single `float` argument and returns a `float`. The function appears to be a simple implementation of a truncation operation, where the input float is converted to an integer and then back to a float, resulting in the truncated value.
      |                                                                                               ^
./CPP_2.cpp:2:117: error: stray ‘`’ in program
    2 | The provided IR code is a LLVM IR representation of a C++ function named `_Z15truncate_numberf` that takes a single `float` argument and returns a `float`. The function appears to be a simple implementation of a truncation operation, where the input float is converted to an integer and then back to a float, resulting in the truncated value.
      |                                                                                                                     ^
./CPP_2.cpp:2:123: error: stray ‘`’ in program
    2 | The provided IR code is a LLVM IR representation of a C++ function named `_Z15truncate_numberf` that takes a single `float` argument and returns a `float`. The function appears to be a simple implementation of a truncation operation, where the input float is converted to an integer and then back to a float, resulting in the truncated value.
      |                                                                                                                           ^
./CPP_2.cpp:2:148: error: stray ‘`’ in program
    2 | The provided IR code is a LLVM IR representation of a C++ function named `_Z15truncate_numberf` that takes a single `float` argument and returns a `float`. The function appears to be a simple implementation of a truncation operation, where the input float is converted to an integer and then back to a float, resulting in the truncated value.
      |                                                                                                                                                    ^
./CPP_2.cpp:2:154: error: stray ‘`’ in program
    2 | The provided IR code is a LLVM IR representation of a C++ function named `_Z15truncate_numberf` that takes a single `float` argument and returns a `float`. The function appears to be a simple implementation of a truncation operation, where the input float is converted to an integer and then back to a float, resulting in the truncated value.
      |                                                                                                                                                          ^
./CPP_2.cpp:2:1: error: ‘The’ does not name a type
    2 | The provided IR code is a LLVM IR representation of a C++ function named `_Z15truncate_numberf` that takes a single `float` argument and returns a `float`. The function appears to be a simple implementation of a truncation operation, where the input float is converted to an integer and then back to a float, resulting in the truncated value.
      | ^~~
In file included from ./CPP_2.cpp:7:
./CPP_2.cpp: In function ‘int main()’:
./CPP_2.cpp:9:10: error: ‘truncate_number’ was not declared in this scope
    9 |  assert (truncate_number(3.5) == 0.5);
      |          ^~~~~~~~~~~~~~~
./CPP_2.cpp:9:2: error: ‘__assert_fail’ was not declared in this scope
    9 |  assert (truncate_number(3.5) == 0.5);
      |  ^~~~~~
./CPP_2.cpp:10:10: error: ‘abs’ was not declared in this scope
   10 |  assert (abs(truncate_number(1.33) - 0.33) < 1e-4);
      |          ^~~


CPP_139.cpp: Execution Failed
Error: CPP_139: ./CPP_139.cpp:18: int main(): Assertion `special_factorial(4) == 288' failed.
Aborted (core dumped)


CPP_57.cpp: Compilation Failed
Error: ./CPP_57.cpp:1:1: error: ‘llvm’ does not name a type
    1 | llvm-dis -o output.s input.ll
      | ^~~~
In file included from ./CPP_57.cpp:4:
./CPP_57.cpp: In function ‘int main()’:
./CPP_57.cpp:6:13: error: ‘monotonic’ was not declared in this scope
    6 |     assert (monotonic({1, 2, 4, 10}) == true);
      |             ^~~~~~~~~
./CPP_57.cpp:6:5: error: ‘__assert_fail’ was not declared in this scope
    6 |     assert (monotonic({1, 2, 4, 10}) == true);
      |     ^~~~~~


CPP_159.cpp: Compilation Failed
Error: ./CPP_159.cpp:4:13: error: ‘vector’ was not declared in this scope
    4 | bool issame(vector<int> a,vector<int>b){
      |             ^~~~~~
./CPP_159.cpp:4:20: error: expected primary-expression before ‘int’
    4 | bool issame(vector<int> a,vector<int>b){
      |                    ^~~
./CPP_159.cpp:4:27: error: ‘vector’ was not declared in this scope
    4 | bool issame(vector<int> a,vector<int>b){
      |                           ^~~~~~
./CPP_159.cpp:4:34: error: expected primary-expression before ‘int’
    4 | bool issame(vector<int> a,vector<int>b){
      |                                  ^~~
./CPP_159.cpp:4:39: error: expression list treated as compound expression in initializer [-fpermissive]
    4 | bool issame(vector<int> a,vector<int>b){
      |                                       ^
In file included from ./CPP_159.cpp:3:
./CPP_159.cpp: In function ‘int main()’:
./CPP_159.cpp:13:20: error: ‘eat’ was not declared in this scope
   13 |     assert (issame(eat(5, 6, 10) , {11, 4}));
      |                    ^~~
./CPP_159.cpp:13:43: error: ‘issame’ cannot be used as a function
   13 |     assert (issame(eat(5, 6, 10) , {11, 4}));
      |                                           ^
./CPP_159.cpp:14:42: error: ‘issame’ cannot be used as a function
   14 |     assert (issame(eat(4, 8, 9) , {12, 1}));
      |                                          ^
./CPP_159.cpp:15:44: error: ‘issame’ cannot be used as a function
   15 |     assert (issame(eat(1, 10, 10) , {11, 0}));
      |                                            ^
./CPP_159.cpp:16:42: error: ‘issame’ cannot be used as a function
   16 |     assert (issame(eat(2, 11, 5) , {7, 0}));
      |                                          ^
./CPP_159.cpp:18:41: error: ‘issame’ cannot be used as a function
   18 |     assert (issame(eat(4, 5, 7) , {9, 2}));
      |                                         ^
./CPP_159.cpp:19:41: error: ‘issame’ cannot be used as a function
   19 |     assert (issame(eat(4, 5, 1) , {5, 0}));
      |                                         ^


CPP_108.cpp: Compilation Failed
Error: ./CPP_108.cpp:24:5: error: redefinition of ‘int main()’
   24 | int main(){
      |     ^~~~
./CPP_108.cpp:16:5: note: ‘int main()’ previously defined here
   16 | int main() {
      |     ^~~~


CPP_20.cpp: Compilation Failed
Error: ./CPP_20.cpp:4:13: error: ‘vector’ was not declared in this scope
    4 | bool issame(vector<float> a,vector<float>b){
      |             ^~~~~~
./CPP_20.cpp:4:20: error: expected primary-expression before ‘float’
    4 | bool issame(vector<float> a,vector<float>b){
      |                    ^~~~~
./CPP_20.cpp:4:29: error: ‘vector’ was not declared in this scope
    4 | bool issame(vector<float> a,vector<float>b){
      |                             ^~~~~~
./CPP_20.cpp:4:36: error: expected primary-expression before ‘float’
    4 | bool issame(vector<float> a,vector<float>b){
      |                                    ^~~~~
./CPP_20.cpp:4:43: error: expression list treated as compound expression in initializer [-fpermissive]
    4 | bool issame(vector<float> a,vector<float>b){
      |                                           ^
In file included from ./CPP_20.cpp:3:
./CPP_20.cpp: In function ‘int main()’:
./CPP_20.cpp:13:20: error: ‘find_closest_elements’ was not declared in this scope
   13 |     assert (issame(find_closest_elements({1.0, 2.0, 3.9, 4.0, 5.0, 2.2}) , {3.9, 4.0}));
      |                    ^~~~~~~~~~~~~~~~~~~~~
./CPP_20.cpp:13:86: error: ‘issame’ cannot be used as a function
   13 |     assert (issame(find_closest_elements({1.0, 2.0, 3.9, 4.0, 5.0, 2.2}) , {3.9, 4.0}));
      |                                                                                      ^
./CPP_20.cpp:14:82: error: ‘issame’ cannot be used as a function
   14 |     assert (issame(find_closest_elements({1.0, 2.0, 5.9, 4.0, 5.0}) , {5.0, 5.9} ));
      |                                                                                  ^
./CPP_20.cpp:15:85: error: ‘issame’ cannot be used as a function
   15 |     assert (issame(find_closest_elements({1.0, 2.0, 3.0, 4.0, 5.0, 2.2}) ,{2.0, 2.2}));
      |                                                                                     ^
./CPP_20.cpp:16:86: error: ‘issame’ cannot be used as a function
   16 |      assert (issame(find_closest_elements({1.0, 2.0, 3.0, 4.0, 5.0, 2.0}) ,{2.0, 2.0}));
      |                                                                                      ^
./CPP_20.cpp:17:83: error: ‘issame’ cannot be used as a function
   17 |       assert (issame(find_closest_elements({1.1, 2.2, 3.1, 4.1, 5.1}) , {2.2, 3.1}));
      |                                                                                   ^


CPP_158.cpp: Compilation Failed
Error: In file included from ./CPP_158.cpp:3:
./CPP_158.cpp: In function ‘int main()’:
./CPP_158.cpp:5:14: error: ‘find_max’ was not declared in this scope
    5 |     assert ((find_max({"name", "of", "string"}) == "string"));
      |              ^~~~~~~~


CPP_13.cpp: Compilation Failed
Error: ./CPP_13.cpp:21:5: error: redefinition of ‘int main()’
   21 | int main(){
      |     ^~~~
./CPP_13.cpp:12:5: note: ‘int main()’ previously defined here
   12 | int main() {
      |     ^~~~


CPP_124.cpp: Compilation Failed
Error: In file included from ./CPP_124.cpp:3:
./CPP_124.cpp: In function ‘int main()’:
./CPP_124.cpp:5:13: error: ‘valid_date’ was not declared in this scope
    5 |     assert (valid_date("03-11-2000") == true);
      |             ^~~~~~~~~~


CPP_75.cpp: Compilation Failed
Error: ./CPP_75.cpp:32:5: error: redefinition of ‘int main()’
   32 | int main(){
      |     ^~~~
./CPP_75.cpp:20:5: note: ‘int main()’ previously defined here
   20 | int main() {
      |     ^~~~


CPP_142.cpp: Compilation Failed
Error: In file included from ./CPP_142.cpp:13:
./CPP_142.cpp: In function ‘int main()’:
./CPP_142.cpp:15:32: error: cannot convert ‘<brace-enclosed initializer list>’ to ‘std::vector<int>*’
   15 |     assert (sum_squares({1,2,3}) == 6);
      |                                ^
      |                                |
      |                                <brace-enclosed initializer list>
./CPP_142.cpp:4:43: note:   initializing argument 1 of ‘int32_t sum_squares(std::vector<int>*)’
    4 | int32_t sum_squares(std::vector<int32_t>* vec) {
      |                     ~~~~~~~~~~~~~~~~~~~~~~^~~
In file included from ./CPP_142.cpp:13:
./CPP_142.cpp:16:32: error: cannot convert ‘<brace-enclosed initializer list>’ to ‘std::vector<int>*’
   16 |     assert (sum_squares({1,4,9}) == 14);
      |                                ^
      |                                |
      |                                <brace-enclosed initializer list>
./CPP_142.cpp:4:43: note:   initializing argument 1 of ‘int32_t sum_squares(std::vector<int>*)’
    4 | int32_t sum_squares(std::vector<int32_t>* vec) {
      |                     ~~~~~~~~~~~~~~~~~~~~~~^~~
In file included from ./CPP_142.cpp:13:
./CPP_142.cpp:18:44: error: cannot convert ‘<brace-enclosed initializer list>’ to ‘std::vector<int>*’
   18 |     assert (sum_squares({1,1,1,1,1,1,1,1,1}) == 9);
      |                                            ^
      |                                            |
      |                                            <brace-enclosed initializer list>
./CPP_142.cpp:4:43: note:   initializing argument 1 of ‘int32_t sum_squares(std::vector<int>*)’
    4 | int32_t sum_squares(std::vector<int32_t>* vec) {
      |                     ~~~~~~~~~~~~~~~~~~~~~~^~~
In file included from ./CPP_142.cpp:13:
./CPP_142.cpp:19:53: error: cannot convert ‘<brace-enclosed initializer list>’ to ‘std::vector<int>*’
   19 |     assert (sum_squares({-1,-1,-1,-1,-1,-1,-1,-1,-1}) == -3);
      |                                                     ^
      |                                                     |
      |                                                     <brace-enclosed initializer list>
./CPP_142.cpp:4:43: note:   initializing argument 1 of ‘int32_t sum_squares(std::vector<int>*)’
    4 | int32_t sum_squares(std::vector<int32_t>* vec) {
      |                     ~~~~~~~~~~~~~~~~~~~~~~^~~
In file included from ./CPP_142.cpp:13:
./CPP_142.cpp:21:40: error: cannot convert ‘<brace-enclosed initializer list>’ to ‘std::vector<int>*’
   21 |     assert (sum_squares({-1,-5,2,-1,-5}) == -126);
      |                                        ^
      |                                        |
      |                                        <brace-enclosed initializer list>
./CPP_142.cpp:4:43: note:   initializing argument 1 of ‘int32_t sum_squares(std::vector<int>*)’
    4 | int32_t sum_squares(std::vector<int32_t>* vec) {
      |                     ~~~~~~~~~~~~~~~~~~~~~~^~~
In file included from ./CPP_142.cpp:13:
./CPP_142.cpp:22:41: error: cannot convert ‘<brace-enclosed initializer list>’ to ‘std::vector<int>*’
   22 |     assert (sum_squares({-56,-99,1,0,-2}) == 3030);
      |                                         ^
      |                                         |
      |                                         <brace-enclosed initializer list>
./CPP_142.cpp:4:43: note:   initializing argument 1 of ‘int32_t sum_squares(std::vector<int>*)’
    4 | int32_t sum_squares(std::vector<int32_t>* vec) {
      |                     ~~~~~~~~~~~~~~~~~~~~~~^~~
In file included from ./CPP_142.cpp:13:
./CPP_142.cpp:23:46: error: cannot convert ‘<brace-enclosed initializer list>’ to ‘std::vector<int>*’
   23 |     assert (sum_squares({-1,0,0,0,0,0,0,0,-1}) == 0);
      |                                              ^
      |                                              |
      |                                              <brace-enclosed initializer list>
./CPP_142.cpp:4:43: note:   initializing argument 1 of ‘int32_t sum_squares(std::vector<int>*)’
    4 | int32_t sum_squares(std::vector<int32_t>* vec) {
      |                     ~~~~~~~~~~~~~~~~~~~~~~^~~
In file included from ./CPP_142.cpp:13:
./CPP_142.cpp:24:89: error: cannot convert ‘<brace-enclosed initializer list>’ to ‘std::vector<int>*’
   24 |     assert (sum_squares({-16, -9, -2, 36, 36, 26, -20, 25, -40, 20, -4, 12, -26, 35, 37}) == -14196);
      |                                                                                         ^
      |                                                                                         |
      |                                                                                         <brace-enclosed initializer list>
./CPP_142.cpp:4:43: note:   initializing argument 1 of ‘int32_t sum_squares(std::vector<int>*)’
    4 | int32_t sum_squares(std::vector<int32_t>* vec) {
      |                     ~~~~~~~~~~~~~~~~~~~~~~^~~
In file included from ./CPP_142.cpp:13:
./CPP_142.cpp:25:107: error: cannot convert ‘<brace-enclosed initializer list>’ to ‘std::vector<int>*’
   25 |     assert (sum_squares({-1, -3, 17, -1, -15, 13, -1, 14, -14, -12, -5, 14, -14, 6, 13, 11, 16, 16, 4, 10}) == -1448);
      |                                                                                                           ^
      |                                                                                                           |
      |                                                                                                           <brace-enclosed initializer list>
./CPP_142.cpp:4:43: note:   initializing argument 1 of ‘int32_t sum_squares(std::vector<int>*)’
    4 | int32_t sum_squares(std::vector<int32_t>* vec) {
      |                     ~~~~~~~~~~~~~~~~~~~~~~^~~


CPP_66.cpp: Execution Failed
Error: CPP_66: ./CPP_66.cpp:16: int main(): Assertion `digitSum("abAB") == 131' failed.
Aborted (core dumped)


CPP_114.cpp: Compilation Failed
Error: ./CPP_114.cpp: In function ‘int minSubArraySum(std::vector<int>&)’:
./CPP_114.cpp:9:37: error: cannot bind non-const lvalue reference of type ‘std::vector<int>&’ to an rvalue of type ‘std::vector<int>’
    9 |   int leftSum = minSubArraySum(std::vector<int>(nums.begin(), nums.begin() + mid));
      |                                     ^~~~~~~~~~~~~~~~~~~~~~~~~~~~~~~~~~~~~~~~~~~~~
./CPP_114.cpp:3:38: note:   initializing argument 1 of ‘int minSubArraySum(std::vector<int>&)’
    3 | int minSubArraySum(std::vector<int> &nums) {
      |                    ~~~~~~~~~~~~~~~~~~^~~~
./CPP_114.cpp:10:38: error: cannot bind non-const lvalue reference of type ‘std::vector<int>&’ to an rvalue of type ‘std::vector<int>’
   10 |   int rightSum = minSubArraySum(std::vector<int>(nums.begin() + mid, nums.end()));
      |                                      ^~~~~~~~~~~~~~~~~~~~~~~~~~~~~~~~~~~~~~~~~~~
./CPP_114.cpp:3:38: note:   initializing argument 1 of ‘int minSubArraySum(std::vector<int>&)’
    3 | int minSubArraySum(std::vector<int> &nums) {
      |                    ~~~~~~~~~~~~~~~~~~^~~~
In file included from ./CPP_114.cpp:23:
./CPP_114.cpp: In function ‘int main()’:
./CPP_114.cpp:25:46: error: cannot bind non-const lvalue reference of type ‘std::vector<int>&’ to an rvalue of type ‘std::vector<int>’
   25 |     assert (minSubArraySum({2, 3, 4, 1, 2, 4}) == 1);
      |                                              ^
In file included from /usr/include/c++/9/vector:67,
                 from ./CPP_114.cpp:1:
/usr/include/c++/9/bits/stl_vector.h:622:7: note:   after user-defined conversion: ‘std::vector<_Tp, _Alloc>::vector(std::initializer_list<_Tp>, const allocator_type&) [with _Tp = int; _Alloc = std::allocator<int>; std::vector<_Tp, _Alloc>::allocator_type = std::allocator<int>]’
  622 |       vector(initializer_list<value_type> __l,
      |       ^~~~~~
./CPP_114.cpp:3:38: note:   initializing argument 1 of ‘int minSubArraySum(std::vector<int>&)’
    3 | int minSubArraySum(std::vector<int> &nums) {
      |                    ~~~~~~~~~~~~~~~~~~^~~~
In file included from ./CPP_114.cpp:23:
./CPP_114.cpp:26:40: error: cannot bind non-const lvalue reference of type ‘std::vector<int>&’ to an rvalue of type ‘std::vector<int>’
   26 |     assert (minSubArraySum({-1, -2, -3}) == -6);
      |                                        ^
In file included from /usr/include/c++/9/vector:67,
                 from ./CPP_114.cpp:1:
/usr/include/c++/9/bits/stl_vector.h:622:7: note:   after user-defined conversion: ‘std::vector<_Tp, _Alloc>::vector(std::initializer_list<_Tp>, const allocator_type&) [with _Tp = int; _Alloc = std::allocator<int>; std::vector<_Tp, _Alloc>::allocator_type = std::allocator<int>]’
  622 |       vector(initializer_list<value_type> __l,
      |       ^~~~~~
./CPP_114.cpp:3:38: note:   initializing argument 1 of ‘int minSubArraySum(std::vector<int>&)’
    3 | int minSubArraySum(std::vector<int> &nums) {
      |                    ~~~~~~~~~~~~~~~~~~^~~~
In file included from ./CPP_114.cpp:23:
./CPP_114.cpp:27:48: error: cannot bind non-const lvalue reference of type ‘std::vector<int>&’ to an rvalue of type ‘std::vector<int>’
   27 |     assert (minSubArraySum({-1, -2, -3, 2, -10}) == -14);
      |                                                ^
In file included from /usr/include/c++/9/vector:67,
                 from ./CPP_114.cpp:1:
/usr/include/c++/9/bits/stl_vector.h:622:7: note:   after user-defined conversion: ‘std::vector<_Tp, _Alloc>::vector(std::initializer_list<_Tp>, const allocator_type&) [with _Tp = int; _Alloc = std::allocator<int>; std::vector<_Tp, _Alloc>::allocator_type = std::allocator<int>]’
  622 |       vector(initializer_list<value_type> __l,
      |       ^~~~~~
./CPP_114.cpp:3:38: note:   initializing argument 1 of ‘int minSubArraySum(std::vector<int>&)’
    3 | int minSubArraySum(std::vector<int> &nums) {
      |                    ~~~~~~~~~~~~~~~~~~^~~~
In file included from ./CPP_114.cpp:23:
./CPP_114.cpp:28:47: error: narrowing conversion of ‘-9999999999999999’ from ‘long int’ to ‘int’ [-Wnarrowing]
   28 |     assert (minSubArraySum({-9999999999999999}) == -9999999999999999);
      |                                               ^
./CPP_114.cpp:29:48: error: cannot bind non-const lvalue reference of type ‘std::vector<int>&’ to an rvalue of type ‘std::vector<int>’
   29 |     assert (minSubArraySum({0, 10, 20, 1000000}) == 0);
      |                                                ^
In file included from /usr/include/c++/9/vector:67,
                 from ./CPP_114.cpp:1:
/usr/include/c++/9/bits/stl_vector.h:622:7: note:   after user-defined conversion: ‘std::vector<_Tp, _Alloc>::vector(std::initializer_list<_Tp>, const allocator_type&) [with _Tp = int; _Alloc = std::allocator<int>; std::vector<_Tp, _Alloc>::allocator_type = std::allocator<int>]’
  622 |       vector(initializer_list<value_type> __l,
      |       ^~~~~~
./CPP_114.cpp:3:38: note:   initializing argument 1 of ‘int minSubArraySum(std::vector<int>&)’
    3 | int minSubArraySum(std::vector<int> &nums) {
      |                    ~~~~~~~~~~~~~~~~~~^~~~
In file included from ./CPP_114.cpp:23:
./CPP_114.cpp:30:48: error: cannot bind non-const lvalue reference of type ‘std::vector<int>&’ to an rvalue of type ‘std::vector<int>’
   30 |     assert (minSubArraySum({-1, -2, -3, 10, -5}) == -6);
      |                                                ^
In file included from /usr/include/c++/9/vector:67,
                 from ./CPP_114.cpp:1:
/usr/include/c++/9/bits/stl_vector.h:622:7: note:   after user-defined conversion: ‘std::vector<_Tp, _Alloc>::vector(std::initializer_list<_Tp>, const allocator_type&) [with _Tp = int; _Alloc = std::allocator<int>; std::vector<_Tp, _Alloc>::allocator_type = std::allocator<int>]’
  622 |       vector(initializer_list<value_type> __l,
      |       ^~~~~~
./CPP_114.cpp:3:38: note:   initializing argument 1 of ‘int minSubArraySum(std::vector<int>&)’
    3 | int minSubArraySum(std::vector<int> &nums) {
      |                    ~~~~~~~~~~~~~~~~~~^~~~
In file included from ./CPP_114.cpp:23:
./CPP_114.cpp:31:53: error: cannot bind non-const lvalue reference of type ‘std::vector<int>&’ to an rvalue of type ‘std::vector<int>’
   31 |     assert (minSubArraySum({100, -1, -2, -3, 10, -5}) == -6);
      |                                                     ^
In file included from /usr/include/c++/9/vector:67,
                 from ./CPP_114.cpp:1:
/usr/include/c++/9/bits/stl_vector.h:622:7: note:   after user-defined conversion: ‘std::vector<_Tp, _Alloc>::vector(std::initializer_list<_Tp>, const allocator_type&) [with _Tp = int; _Alloc = std::allocator<int>; std::vector<_Tp, _Alloc>::allocator_type = std::allocator<int>]’
  622 |       vector(initializer_list<value_type> __l,
      |       ^~~~~~
./CPP_114.cpp:3:38: note:   initializing argument 1 of ‘int minSubArraySum(std::vector<int>&)’
    3 | int minSubArraySum(std::vector<int> &nums) {
      |                    ~~~~~~~~~~~~~~~~~~^~~~
In file included from ./CPP_114.cpp:23:
./CPP_114.cpp:32:49: error: cannot bind non-const lvalue reference of type ‘std::vector<int>&’ to an rvalue of type ‘std::vector<int>’
   32 |     assert (minSubArraySum({10, 11, 13, 8, 3, 4}) == 3);
      |                                                 ^
In file included from /usr/include/c++/9/vector:67,
                 from ./CPP_114.cpp:1:
/usr/include/c++/9/bits/stl_vector.h:622:7: note:   after user-defined conversion: ‘std::vector<_Tp, _Alloc>::vector(std::initializer_list<_Tp>, const allocator_type&) [with _Tp = int; _Alloc = std::allocator<int>; std::vector<_Tp, _Alloc>::allocator_type = std::allocator<int>]’
  622 |       vector(initializer_list<value_type> __l,
      |       ^~~~~~
./CPP_114.cpp:3:38: note:   initializing argument 1 of ‘int minSubArraySum(std::vector<int>&)’
    3 | int minSubArraySum(std::vector<int> &nums) {
      |                    ~~~~~~~~~~~~~~~~~~^~~~
In file included from ./CPP_114.cpp:23:
./CPP_114.cpp:33:53: error: cannot bind non-const lvalue reference of type ‘std::vector<int>&’ to an rvalue of type ‘std::vector<int>’
   33 |     assert (minSubArraySum({100, -33, 32, -1, 0, -2}) == -33);
      |                                                     ^
In file included from /usr/include/c++/9/vector:67,
                 from ./CPP_114.cpp:1:
/usr/include/c++/9/bits/stl_vector.h:622:7: note:   after user-defined conversion: ‘std::vector<_Tp, _Alloc>::vector(std::initializer_list<_Tp>, const allocator_type&) [with _Tp = int; _Alloc = std::allocator<int>; std::vector<_Tp, _Alloc>::allocator_type = std::allocator<int>]’
  622 |       vector(initializer_list<value_type> __l,
      |       ^~~~~~
./CPP_114.cpp:3:38: note:   initializing argument 1 of ‘int minSubArraySum(std::vector<int>&)’
    3 | int minSubArraySum(std::vector<int> &nums) {
      |                    ~~~~~~~~~~~~~~~~~~^~~~
In file included from ./CPP_114.cpp:23:
./CPP_114.cpp:34:33: error: cannot bind non-const lvalue reference of type ‘std::vector<int>&’ to an rvalue of type ‘std::vector<int>’
   34 |     assert (minSubArraySum({-10}) == -10);
      |                                 ^
In file included from /usr/include/c++/9/vector:67,
                 from ./CPP_114.cpp:1:
/usr/include/c++/9/bits/stl_vector.h:622:7: note:   after user-defined conversion: ‘std::vector<_Tp, _Alloc>::vector(std::initializer_list<_Tp>, const allocator_type&) [with _Tp = int; _Alloc = std::allocator<int>; std::vector<_Tp, _Alloc>::allocator_type = std::allocator<int>]’
  622 |       vector(initializer_list<value_type> __l,
      |       ^~~~~~
./CPP_114.cpp:3:38: note:   initializing argument 1 of ‘int minSubArraySum(std::vector<int>&)’
    3 | int minSubArraySum(std::vector<int> &nums) {
      |                    ~~~~~~~~~~~~~~~~~~^~~~
In file included from ./CPP_114.cpp:23:
./CPP_114.cpp:35:31: error: cannot bind non-const lvalue reference of type ‘std::vector<int>&’ to an rvalue of type ‘std::vector<int>’
   35 |     assert (minSubArraySum({7}) == 7);
      |                               ^
In file included from /usr/include/c++/9/vector:67,
                 from ./CPP_114.cpp:1:
/usr/include/c++/9/bits/stl_vector.h:622:7: note:   after user-defined conversion: ‘std::vector<_Tp, _Alloc>::vector(std::initializer_list<_Tp>, const allocator_type&) [with _Tp = int; _Alloc = std::allocator<int>; std::vector<_Tp, _Alloc>::allocator_type = std::allocator<int>]’
  622 |       vector(initializer_list<value_type> __l,
      |       ^~~~~~
./CPP_114.cpp:3:38: note:   initializing argument 1 of ‘int minSubArraySum(std::vector<int>&)’
    3 | int minSubArraySum(std::vector<int> &nums) {
      |                    ~~~~~~~~~~~~~~~~~~^~~~
In file included from ./CPP_114.cpp:23:
./CPP_114.cpp:36:35: error: cannot bind non-const lvalue reference of type ‘std::vector<int>&’ to an rvalue of type ‘std::vector<int>’
   36 |     assert (minSubArraySum({1, -1}) == -1);
      |                                   ^
In file included from /usr/include/c++/9/vector:67,
                 from ./CPP_114.cpp:1:
/usr/include/c++/9/bits/stl_vector.h:622:7: note:   after user-defined conversion: ‘std::vector<_Tp, _Alloc>::vector(std::initializer_list<_Tp>, const allocator_type&) [with _Tp = int; _Alloc = std::allocator<int>; std::vector<_Tp, _Alloc>::allocator_type = std::allocator<int>]’
  622 |       vector(initializer_list<value_type> __l,
      |       ^~~~~~
./CPP_114.cpp:3:38: note:   initializing argument 1 of ‘int minSubArraySum(std::vector<int>&)’
    3 | int minSubArraySum(std::vector<int> &nums) {
      |                    ~~~~~~~~~~~~~~~~~~^~~~


CPP_85.cpp: Compilation Failed
Error: In file included from ./CPP_85.cpp:15:
./CPP_85.cpp: In function ‘int main()’:
./CPP_85.cpp:17:24: error: cannot bind non-const lvalue reference of type ‘std::vector<int>&’ to an rvalue of type ‘std::vector<int>’
   17 |     assert (add({4, 88}) == 88);
      |                        ^
In file included from /usr/include/c++/9/vector:67,
                 from ./CPP_85.cpp:2:
/usr/include/c++/9/bits/stl_vector.h:622:7: note:   after user-defined conversion: ‘std::vector<_Tp, _Alloc>::vector(std::initializer_list<_Tp>, const allocator_type&) [with _Tp = int; _Alloc = std::allocator<int>; std::vector<_Tp, _Alloc>::allocator_type = std::allocator<int>]’
  622 |       vector(initializer_list<value_type> __l,
      |       ^~~~~~
./CPP_85.cpp:6:22: note:   initializing argument 1 of ‘int add(std::vector<int>&)’
    6 | int add(vector<int> &v) {
      |         ~~~~~~~~~~~~~^
In file included from ./CPP_85.cpp:15:
./CPP_85.cpp:18:37: error: cannot bind non-const lvalue reference of type ‘std::vector<int>&’ to an rvalue of type ‘std::vector<int>’
   18 |     assert (add({4, 5, 6, 7, 2, 122}) == 122);
      |                                     ^
In file included from /usr/include/c++/9/vector:67,
                 from ./CPP_85.cpp:2:
/usr/include/c++/9/bits/stl_vector.h:622:7: note:   after user-defined conversion: ‘std::vector<_Tp, _Alloc>::vector(std::initializer_list<_Tp>, const allocator_type&) [with _Tp = int; _Alloc = std::allocator<int>; std::vector<_Tp, _Alloc>::allocator_type = std::allocator<int>]’
  622 |       vector(initializer_list<value_type> __l,
      |       ^~~~~~
./CPP_85.cpp:6:22: note:   initializing argument 1 of ‘int add(std::vector<int>&)’
    6 | int add(vector<int> &v) {
      |         ~~~~~~~~~~~~~^
In file included from ./CPP_85.cpp:15:
./CPP_85.cpp:19:29: error: cannot bind non-const lvalue reference of type ‘std::vector<int>&’ to an rvalue of type ‘std::vector<int>’
   19 |     assert (add({4, 0, 6, 7}) == 0);
      |                             ^
In file included from /usr/include/c++/9/vector:67,
                 from ./CPP_85.cpp:2:
/usr/include/c++/9/bits/stl_vector.h:622:7: note:   after user-defined conversion: ‘std::vector<_Tp, _Alloc>::vector(std::initializer_list<_Tp>, const allocator_type&) [with _Tp = int; _Alloc = std::allocator<int>; std::vector<_Tp, _Alloc>::allocator_type = std::allocator<int>]’
  622 |       vector(initializer_list<value_type> __l,
      |       ^~~~~~
./CPP_85.cpp:6:22: note:   initializing argument 1 of ‘int add(std::vector<int>&)’
    6 | int add(vector<int> &v) {
      |         ~~~~~~~~~~~~~^
In file included from ./CPP_85.cpp:15:
./CPP_85.cpp:20:29: error: cannot bind non-const lvalue reference of type ‘std::vector<int>&’ to an rvalue of type ‘std::vector<int>’
   20 |     assert (add({4, 4, 6, 8}) == 12);
      |                             ^
In file included from /usr/include/c++/9/vector:67,
                 from ./CPP_85.cpp:2:
/usr/include/c++/9/bits/stl_vector.h:622:7: note:   after user-defined conversion: ‘std::vector<_Tp, _Alloc>::vector(std::initializer_list<_Tp>, const allocator_type&) [with _Tp = int; _Alloc = std::allocator<int>; std::vector<_Tp, _Alloc>::allocator_type = std::allocator<int>]’
  622 |       vector(initializer_list<value_type> __l,
      |       ^~~~~~
./CPP_85.cpp:6:22: note:   initializing argument 1 of ‘int add(std::vector<int>&)’
    6 | int add(vector<int> &v) {
      |         ~~~~~~~~~~~~~^


CPP_46.cpp: Compilation Failed
Error: In file included from ./CPP_46.cpp:10:
./CPP_46.cpp: In function ‘int main()’:
./CPP_46.cpp:12:13: error: ‘fib4’ was not declared in this scope; did you mean ‘fib’?
   12 |     assert (fib4(5) == 4);
      |             ^~~~


CPP_62.cpp: Compilation Failed
Error: ./CPP_62.cpp:4:13: error: ‘vector’ was not declared in this scope
    4 | bool issame(vector<float> a,vector<float>b){
      |             ^~~~~~
./CPP_62.cpp:4:20: error: expected primary-expression before ‘float’
    4 | bool issame(vector<float> a,vector<float>b){
      |                    ^~~~~
./CPP_62.cpp:4:29: error: ‘vector’ was not declared in this scope
    4 | bool issame(vector<float> a,vector<float>b){
      |                             ^~~~~~
./CPP_62.cpp:4:36: error: expected primary-expression before ‘float’
    4 | bool issame(vector<float> a,vector<float>b){
      |                                    ^~~~~
./CPP_62.cpp:4:43: error: expression list treated as compound expression in initializer [-fpermissive]
    4 | bool issame(vector<float> a,vector<float>b){
      |                                           ^
In file included from ./CPP_62.cpp:3:
./CPP_62.cpp: In function ‘int main()’:
./CPP_62.cpp:13:20: error: ‘derivative’ was not declared in this scope
   13 |     assert (issame(derivative({3, 1, 2, 4, 5}) , {1, 4, 12, 20}));
      |                    ^~~~~~~~~~
./CPP_62.cpp:13:64: error: ‘issame’ cannot be used as a function
   13 |     assert (issame(derivative({3, 1, 2, 4, 5}) , {1, 4, 12, 20}));
      |                                                                ^
./CPP_62.cpp:14:50: error: ‘issame’ cannot be used as a function
   14 |     assert (issame(derivative({1, 2, 3}) , {2, 6}));
      |                                                  ^
./CPP_62.cpp:15:50: error: ‘issame’ cannot be used as a function
   15 |     assert (issame(derivative({3, 2, 1}) , {2, 2}));
      |                                                  ^
./CPP_62.cpp:16:63: error: ‘issame’ cannot be used as a function
   16 |     assert (issame(derivative({3, 2, 1, 0, 4}) , {2, 2, 0, 16}));
      |                                                               ^
./CPP_62.cpp:17:40: error: ‘issame’ cannot be used as a function
   17 |     assert (issame(derivative({1}) , {}));
      |                                        ^


CPP_36.cpp: Execution Failed
Error: CPP_36: ./CPP_36.cpp:20: int main(): Assertion `fizz_buzz(50) == 0' failed.
Aborted (core dumped)


CPP_132.cpp: Execution Failed
Error: CPP_132: ./CPP_132.cpp:22: int main(): Assertion `is_nested("[]]]]]]][[[[[]") == false' failed.
Aborted (core dumped)


CPP_68.cpp: Compilation Failed
Error: ./CPP_68.cpp:4:13: error: ‘vector’ was not declared in this scope
    4 | bool issame(vector<int> a,vector<int>b){
      |             ^~~~~~
./CPP_68.cpp:4:20: error: expected primary-expression before ‘int’
    4 | bool issame(vector<int> a,vector<int>b){
      |                    ^~~
./CPP_68.cpp:4:27: error: ‘vector’ was not declared in this scope
    4 | bool issame(vector<int> a,vector<int>b){
      |                           ^~~~~~
./CPP_68.cpp:4:34: error: expected primary-expression before ‘int’
    4 | bool issame(vector<int> a,vector<int>b){
      |                                  ^~~
./CPP_68.cpp:4:39: error: expression list treated as compound expression in initializer [-fpermissive]
    4 | bool issame(vector<int> a,vector<int>b){
      |                                       ^
In file included from ./CPP_68.cpp:3:
./CPP_68.cpp: In function ‘int main()’:
./CPP_68.cpp:13:20: error: ‘pluck’ was not declared in this scope
   13 |     assert (issame(pluck({4,2,3}) , {2, 1}));
      |                    ^~~~~
./CPP_68.cpp:13:43: error: ‘issame’ cannot be used as a function
   13 |     assert (issame(pluck({4,2,3}) , {2, 1}));
      |                                           ^
./CPP_68.cpp:14:43: error: ‘issame’ cannot be used as a function
   14 |     assert (issame(pluck({1,2,3}) , {2, 1}));
      |                                           ^
./CPP_68.cpp:15:34: error: ‘issame’ cannot be used as a function
   15 |     assert (issame(pluck({}) , {}));
      |                                  ^
./CPP_68.cpp:16:54: error: ‘issame’ cannot be used as a function
   16 |     assert (issame(pluck({5, 0, 3, 0, 4, 2}) , {0, 1}));
      |                                                      ^
./CPP_68.cpp:17:54: error: ‘issame’ cannot be used as a function
   17 |     assert (issame(pluck({1, 2, 3, 0, 5, 3}) , {0, 3}));
      |                                                      ^
./CPP_68.cpp:18:51: error: ‘issame’ cannot be used as a function
   18 |     assert (issame(pluck({5, 4, 8, 4 ,8}) , {4, 1}));
      |                                                   ^
./CPP_68.cpp:19:48: error: ‘issame’ cannot be used as a function
   19 |     assert (issame(pluck({7, 6, 7, 1}) , {6, 1}));
      |                                                ^
./CPP_68.cpp:20:44: error: ‘issame’ cannot be used as a function
   20 |     assert (issame(pluck({7, 9, 7, 1}) , {}));
      |                                            ^


CPP_163.cpp: Compilation Failed
Error: ./CPP_163.cpp:1:24: error: variable or field ‘generate_integers’ declared void
    1 | void generate_integers(vector<int>& vec, int start, int end) {
      |                        ^~~~~~
./CPP_163.cpp:1:24: error: ‘vector’ was not declared in this scope
./CPP_163.cpp:1:31: error: expected primary-expression before ‘int’
    1 | void generate_integers(vector<int>& vec, int start, int end) {
      |                               ^~~
./CPP_163.cpp:1:42: error: expected primary-expression before ‘int’
    1 | void generate_integers(vector<int>& vec, int start, int end) {
      |                                          ^~~
./CPP_163.cpp:1:53: error: expected primary-expression before ‘int’
    1 | void generate_integers(vector<int>& vec, int start, int end) {
      |                                                     ^~~
./CPP_163.cpp:21:13: error: ‘vector’ was not declared in this scope
   21 | bool issame(vector<int> a,vector<int>b){
      |             ^~~~~~
./CPP_163.cpp:21:20: error: expected primary-expression before ‘int’
   21 | bool issame(vector<int> a,vector<int>b){
      |                    ^~~
./CPP_163.cpp:21:27: error: ‘vector’ was not declared in this scope
   21 | bool issame(vector<int> a,vector<int>b){
      |                           ^~~~~~
./CPP_163.cpp:21:34: error: expected primary-expression before ‘int’
   21 | bool issame(vector<int> a,vector<int>b){
      |                                  ^~~
./CPP_163.cpp:21:39: error: expression list treated as compound expression in initializer [-fpermissive]
   21 | bool issame(vector<int> a,vector<int>b){
      |                                       ^
In file included from ./CPP_163.cpp:20:
./CPP_163.cpp: In function ‘int main()’:
./CPP_163.cpp:30:20: error: ‘generate_integers’ was not declared in this scope
   30 |     assert (issame(generate_integers(2, 10) , {2, 4, 6, 8}));
      |                    ^~~~~~~~~~~~~~~~~
./CPP_163.cpp:30:59: error: ‘issame’ cannot be used as a function
   30 |     assert (issame(generate_integers(2, 10) , {2, 4, 6, 8}));
      |                                                           ^
./CPP_163.cpp:31:59: error: ‘issame’ cannot be used as a function
   31 |     assert (issame(generate_integers(10, 2) , {2, 4, 6, 8}));
      |                                                           ^
./CPP_163.cpp:32:60: error: ‘issame’ cannot be used as a function
   32 |     assert (issame(generate_integers(132, 2) , {2, 4, 6, 8}));
      |                                                            ^
./CPP_163.cpp:33:49: error: ‘issame’ cannot be used as a function
   33 |     assert (issame(generate_integers(17,89) , {}));
      |                                                 ^


CPP_54.cpp: Compilation Failed
Error: ./CPP_54.cpp:1:17: error: ‘string’ was not declared in this scope
    1 | bool same_chars(string str1, string str2) {
      |                 ^~~~~~
./CPP_54.cpp:1:30: error: ‘string’ was not declared in this scope
    1 | bool same_chars(string str1, string str2) {
      |                              ^~~~~~
./CPP_54.cpp:1:41: error: expression list treated as compound expression in initializer [-fpermissive]
    1 | bool same_chars(string str1, string str2) {
      |                                         ^
In file included from ./CPP_54.cpp:14:
./CPP_54.cpp: In function ‘int main()’:
./CPP_54.cpp:16:57: error: ‘same_chars’ cannot be used as a function
   16 |     assert (same_chars("eabcdzzzz", "dddzzzzzzzddeddabc") == true);
      |                                                         ^
./CPP_54.cpp:17:44: error: ‘same_chars’ cannot be used as a function
   17 |     assert (same_chars("abcd", "dddddddabc") == true);
      |                                            ^
./CPP_54.cpp:18:44: error: ‘same_chars’ cannot be used as a function
   18 |     assert (same_chars("dddddddabc", "abcd") == true);
      |                                            ^
./CPP_54.cpp:19:45: error: ‘same_chars’ cannot be used as a function
   19 |     assert (same_chars("eabcd", "dddddddabc") == false);
      |                                             ^
./CPP_54.cpp:20:45: error: ‘same_chars’ cannot be used as a function
   20 |     assert (same_chars("abcd", "dddddddabcf") == false);
      |                                             ^
./CPP_54.cpp:21:56: error: ‘same_chars’ cannot be used as a function
   21 |     assert (same_chars("eabcdzzzz", "dddzzzzzzzddddabc") == false);
      |                                                        ^
./CPP_54.cpp:22:39: error: ‘same_chars’ cannot be used as a function
   22 |     assert (same_chars("aabb", "aaccc") == false);
      |                                       ^


CPP_135.cpp: Compilation Failed
Error: ./CPP_135.cpp:1:22: error: ‘vector’ is not a member of ‘std’
    1 | int can_arrange(std::vector<int> &vec) {
      |                      ^~~~~~
./CPP_135.cpp:1:1: note: ‘std::vector’ is defined in header ‘<vector>’; did you forget to ‘#include <vector>’?
  +++ |+#include <vector>
    1 | int can_arrange(std::vector<int> &vec) {
./CPP_135.cpp:1:29: error: expected primary-expression before ‘int’
    1 | int can_arrange(std::vector<int> &vec) {
      |                             ^~~
In file included from ./CPP_135.cpp:15:
./CPP_135.cpp: In function ‘int main()’:
./CPP_135.cpp:17:36: error: ‘can_arrange’ cannot be used as a function
   17 |     assert (can_arrange({1,2,4,3,5})==3);
      |                                    ^
./CPP_135.cpp:18:34: error: ‘can_arrange’ cannot be used as a function
   18 |     assert (can_arrange({1,2,4,5})==-1);
      |                                  ^
./CPP_135.cpp:19:45: error: ‘can_arrange’ cannot be used as a function
   19 |     assert (can_arrange({1,4,2,5,6,7,8,9,10})==2);
      |                                             ^
./CPP_135.cpp:20:36: error: ‘can_arrange’ cannot be used as a function
   20 |     assert (can_arrange({4,8,5,7,3})==4);
      |                                    ^
./CPP_135.cpp:21:27: error: ‘can_arrange’ cannot be used as a function
   21 |     assert (can_arrange({})==-1);
      |                           ^


CPP_8.cpp: Compilation Failed
Error: ./CPP_8.cpp:4:13: error: ‘vector’ was not declared in this scope
    4 | bool issame(vector<int> a,vector<int>b){
      |             ^~~~~~
./CPP_8.cpp:4:20: error: expected primary-expression before ‘int’
    4 | bool issame(vector<int> a,vector<int>b){
      |                    ^~~
./CPP_8.cpp:4:27: error: ‘vector’ was not declared in this scope
    4 | bool issame(vector<int> a,vector<int>b){
      |                           ^~~~~~
./CPP_8.cpp:4:34: error: expected primary-expression before ‘int’
    4 | bool issame(vector<int> a,vector<int>b){
      |                                  ^~~
./CPP_8.cpp:4:39: error: expression list treated as compound expression in initializer [-fpermissive]
    4 | bool issame(vector<int> a,vector<int>b){
      |                                       ^
In file included from ./CPP_8.cpp:3:
./CPP_8.cpp: In function ‘int main()’:
./CPP_8.cpp:13:20: error: ‘sum_product’ was not declared in this scope
   13 |     assert (issame(sum_product({}) ,{0, 1}));
      |                    ^~~~~~~~~~~
./CPP_8.cpp:13:43: error: ‘issame’ cannot be used as a function
   13 |     assert (issame(sum_product({}) ,{0, 1}));
      |                                           ^
./CPP_8.cpp:14:50: error: ‘issame’ cannot be used as a function
   14 |     assert (issame(sum_product({1, 1, 1}), {3, 1}));
      |                                                  ^
./CPP_8.cpp:15:50: error: ‘issame’ cannot be used as a function
   15 |     assert (issame(sum_product({100, 0}),{100, 0}));
      |                                                  ^
./CPP_8.cpp:16:68: error: ‘issame’ cannot be used as a function
   16 |      assert (issame(sum_product({3, 5, 7}) , {3 + 5 + 7, 3 * 5 * 7}));
      |                                                                    ^
./CPP_8.cpp:17:49: error: ‘issame’ cannot be used as a function
   17 |       assert (issame(sum_product({10}) ,{10, 10}));
      |                                                 ^


CPP_133.cpp: Compilation Failed
Error: ./CPP_133.cpp:1:22: error: ‘vector’ is not a member of ‘std’
    1 | int sum_squares(std::vector<float> &input) {
      |                      ^~~~~~
./CPP_133.cpp:1:1: note: ‘std::vector’ is defined in header ‘<vector>’; did you forget to ‘#include <vector>’?
  +++ |+#include <vector>
    1 | int sum_squares(std::vector<float> &input) {
./CPP_133.cpp:1:29: error: expected primary-expression before ‘float’
    1 | int sum_squares(std::vector<float> &input) {
      |                             ^~~~~
In file included from ./CPP_133.cpp:10:
./CPP_133.cpp: In function ‘int main()’:
./CPP_133.cpp:12:32: error: ‘sum_squares’ cannot be used as a function
   12 |     assert (sum_squares({1,2,3})==14);
      |                                ^
./CPP_133.cpp:13:34: error: ‘sum_squares’ cannot be used as a function
   13 |     assert (sum_squares({1.0,2,3})==14);
      |                                  ^
./CPP_133.cpp:14:34: error: ‘sum_squares’ cannot be used as a function
   14 |     assert (sum_squares({1,3,5,7})==84);
      |                                  ^
./CPP_133.cpp:15:36: error: ‘sum_squares’ cannot be used as a function
   15 |     assert (sum_squares({1.4,4.2,0})==29);
      |                                    ^
./CPP_133.cpp:16:35: error: ‘sum_squares’ cannot be used as a function
   16 |     assert (sum_squares({-2.4,1,1})==6);
      |                                   ^
./CPP_133.cpp:17:37: error: ‘sum_squares’ cannot be used as a function
   17 |     assert (sum_squares({100,1,15,2})==10230);
      |                                     ^
./CPP_133.cpp:18:38: error: ‘sum_squares’ cannot be used as a function
   18 |     assert (sum_squares({10000,10000})==200000000);
      |                                      ^
./CPP_133.cpp:19:39: error: ‘sum_squares’ cannot be used as a function
   19 |     assert (sum_squares({-1.4,4.6,6.3})==75);
      |                                       ^
./CPP_133.cpp:20:46: error: ‘sum_squares’ cannot be used as a function
   20 |     assert (sum_squares({-1.4,17.9,18.9,19.9})==1086);
      |                                              ^
./CPP_133.cpp:21:28: error: ‘sum_squares’ cannot be used as a function
   21 |     assert (sum_squares({0})==0);
      |                            ^
./CPP_133.cpp:22:29: error: ‘sum_squares’ cannot be used as a function
   22 |     assert (sum_squares({-1})==1);
      |                             ^
./CPP_133.cpp:23:33: error: ‘sum_squares’ cannot be used as a function
   23 |     assert (sum_squares({-1,1,0})==2);
      |                                 ^


CPP_121.cpp: Compilation Failed
Error: In file included from ./CPP_121.cpp:3:
./CPP_121.cpp: In function ‘int main()’:
./CPP_121.cpp:5:13: error: ‘solutions’ was not declared in this scope
    5 |     assert (solutions({5, 8, 7, 1})    == 12);
      |             ^~~~~~~~~


CPP_109.cpp: Compilation Failed
Error: In file included from ./CPP_109.cpp:3:
./CPP_109.cpp: In function ‘int main()’:
./CPP_109.cpp:5:13: error: ‘move_one_ball’ was not declared in this scope
    5 |     assert (move_one_ball({3, 4, 5, 1, 2})==true);
      |             ^~~~~~~~~~~~~


CPP_150.cpp: Execution Failed
Error: CPP_150: ./CPP_150.cpp:12: int main(): Assertion `x_or_y(7, 34, 12) == 34' failed.
Aborted (core dumped)


CPP_73.cpp: Compilation Failed
Error: ./CPP_73.cpp:1:21: error: ‘vector’ was not declared in this scope
    1 | int smallest_change(vector<int> &v) {
      |                     ^~~~~~
./CPP_73.cpp:1:28: error: expected primary-expression before ‘int’
    1 | int smallest_change(vector<int> &v) {
      |                            ^~~
In file included from ./CPP_73.cpp:26:
./CPP_73.cpp: In function ‘int main()’:
./CPP_73.cpp:28:46: error: ‘smallest_change’ cannot be used as a function
   28 |     assert (smallest_change({1,2,3,5,4,7,9,6}) == 4);
      |                                              ^
./CPP_73.cpp:29:50: error: ‘smallest_change’ cannot be used as a function
   29 |     assert (smallest_change({1, 2, 3, 4, 3, 2, 2}) == 1);
      |                                                  ^
./CPP_73.cpp:30:38: error: ‘smallest_change’ cannot be used as a function
   30 |     assert (smallest_change({1, 4, 2}) == 1);
      |                                      ^
./CPP_73.cpp:31:41: error: ‘smallest_change’ cannot be used as a function
   31 |     assert (smallest_change({1, 4, 4, 2}) == 1);
      |                                         ^
./CPP_73.cpp:32:44: error: ‘smallest_change’ cannot be used as a function
   32 |     assert (smallest_change({1, 2, 3, 2, 1}) == 0);
      |                                            ^
./CPP_73.cpp:33:41: error: ‘smallest_change’ cannot be used as a function
   33 |     assert (smallest_change({3, 1, 1, 3}) == 0);
      |                                         ^
./CPP_73.cpp:34:32: error: ‘smallest_change’ cannot be used as a function
   34 |     assert (smallest_change({1}) == 0);
      |                                ^
./CPP_73.cpp:35:35: error: ‘smallest_change’ cannot be used as a function
   35 |     assert (smallest_change({0, 1}) == 1);
      |                                   ^


CPP_151.cpp: Compilation Failed
Error: In file included from ./CPP_151.cpp:3:
./CPP_151.cpp: In function ‘int main()’:
./CPP_151.cpp:5:13: error: ‘double_the_difference’ was not declared in this scope
    5 |     assert (double_the_difference({}) == 0);
      |             ^~~~~~~~~~~~~~~~~~~~~
./CPP_151.cpp:14:5: error: ‘vector’ was not declared in this scope
   14 |     vector<float> lst={};
      |     ^~~~~~
./CPP_151.cpp:14:12: error: expected primary-expression before ‘float’
   14 |     vector<float> lst={};
      |            ^~~~~
./CPP_151.cpp:18:9: error: ‘lst’ was not declared in this scope
   18 |         lst.push_back(i+0.0);
      |         ^~~
In file included from ./CPP_151.cpp:3:
./CPP_151.cpp:22:35: error: ‘lst’ was not declared in this scope
   22 |     assert (double_the_difference(lst) == odd_sum );
      |                                   ^~~


Summary
=======
Total files processed: 83
Compilation failures: 62
Execution failures: 15
Assertion failures: 0

Detailed Results
===============
CPP_15.cpp Compilation Failed
CPP_30.cpp Compilation Failed
CPP_35.cpp Compilation Failed
CPP_138.cpp Compilation Failed
CPP_134.cpp Execution Failed
CPP_102.cpp Execution Failed
CPP_45.cpp Compilation Failed
CPP_21.cpp Compilation Failed
CPP_78.cpp Compilation Failed
CPP_63.cpp Compilation Failed
CPP_83.cpp Compilation Failed
CPP_6.cpp Compilation Failed
CPP_71.cpp Compilation Failed
CPP_99.cpp Compilation Failed
CPP_82.cpp Compilation Failed
CPP_39.cpp Execution Failed
CPP_56.cpp Execution Failed
CPP_11.cpp Compilation Failed
CPP_146.cpp Compilation Failed
CPP_59.cpp Execution Failed
CPP_77.cpp Compilation Failed
CPP_41.cpp Passed
CPP_0.cpp Compilation Failed
CPP_90.cpp Compilation Failed
CPP_157.cpp Passed
CPP_141.cpp Compilation Failed
CPP_127.cpp Execution Failed
CPP_31.cpp Passed
CPP_122.cpp Compilation Failed
CPP_7.cpp Compilation Failed
CPP_49.cpp Compilation Failed
CPP_40.cpp Execution Failed
CPP_130.cpp Compilation Failed
CPP_48.cpp Passed
CPP_155.cpp Compilation Failed
CPP_3.cpp Compilation Failed
CPP_97.cpp Compilation Failed
CPP_4.cpp Compilation Failed
CPP_60.cpp Compilation Failed
CPP_76.cpp Compilation Failed
CPP_80.cpp Execution Failed
CPP_153.cpp Compilation Failed
CPP_23.cpp Passed
CPP_136.cpp Compilation Failed
CPP_27.cpp Compilation Failed
CPP_72.cpp Execution Failed
CPP_24.cpp Execution Failed
CPP_92.cpp Compilation Failed
CPP_43.cpp Compilation Failed
CPP_51.cpp Compilation Failed
CPP_53.cpp Compilation Failed
CPP_126.cpp Compilation Failed
CPP_52.cpp Compilation Failed
CPP_2.cpp Compilation Failed
CPP_139.cpp Execution Failed
CPP_57.cpp Compilation Failed
CPP_159.cpp Compilation Failed
CPP_108.cpp Compilation Failed
CPP_61.cpp Passed
CPP_20.cpp Compilation Failed
CPP_158.cpp Compilation Failed
CPP_13.cpp Compilation Failed
CPP_124.cpp Compilation Failed
CPP_75.cpp Compilation Failed
CPP_142.cpp Compilation Failed
CPP_66.cpp Execution Failed
CPP_114.cpp Compilation Failed
CPP_85.cpp Compilation Failed
CPP_46.cpp Compilation Failed
CPP_62.cpp Compilation Failed
CPP_36.cpp Execution Failed
CPP_132.cpp Execution Failed
CPP_68.cpp Compilation Failed
CPP_163.cpp Compilation Failed
CPP_54.cpp Compilation Failed
CPP_135.cpp Compilation Failed
CPP_8.cpp Compilation Failed
CPP_133.cpp Compilation Failed
CPP_121.cpp Compilation Failed
CPP_109.cpp Compilation Failed
CPP_150.cpp Execution Failed
CPP_73.cpp Compilation Failed
CPP_151.cpp Compilation Failed
